running develop
Removing /home/smaran/ros2_sem4/install/my_srv/lib/python3.10/site-packages/my-srv.egg-link (link to .)
running egg_info
writing ../../build/my_srv/my_srv.egg-info/PKG-INFO
writing dependency_links to ../../build/my_srv/my_srv.egg-info/dependency_links.txt
writing entry points to ../../build/my_srv/my_srv.egg-info/entry_points.txt
writing requirements to ../../build/my_srv/my_srv.egg-info/requires.txt
writing top-level names to ../../build/my_srv/my_srv.egg-info/top_level.txt
reading manifest file '../../build/my_srv/my_srv.egg-info/SOURCES.txt'
adding license file 'LICENSE'
writing manifest file '../../build/my_srv/my_srv.egg-info/SOURCES.txt'
running build
running build_py
copying my_srv/simple_add_client.py -> /home/smaran/ros2_sem4/build/my_srv/build/lib/my_srv
copying my_srv/simple_add_srv.py -> /home/smaran/ros2_sem4/build/my_srv/build/lib/my_srv
running install
running install_lib
creating /home/smaran/ros2_sem4/install/my_srv/lib/python3.10/site-packages/my_srv
copying /home/smaran/ros2_sem4/build/my_srv/build/lib/my_srv/__init__.py -> /home/smaran/ros2_sem4/install/my_srv/lib/python3.10/site-packages/my_srv
copying /home/smaran/ros2_sem4/build/my_srv/build/lib/my_srv/simple_src.py -> /home/smaran/ros2_sem4/install/my_srv/lib/python3.10/site-packages/my_srv
copying /home/smaran/ros2_sem4/build/my_srv/build/lib/my_srv/simple_add_client.py -> /home/smaran/ros2_sem4/install/my_srv/lib/python3.10/site-packages/my_srv
copying /home/smaran/ros2_sem4/build/my_srv/build/lib/my_srv/simple_add_srv.py -> /home/smaran/ros2_sem4/install/my_srv/lib/python3.10/site-packages/my_srv
byte-compiling /home/smaran/ros2_sem4/install/my_srv/lib/python3.10/site-packages/my_srv/__init__.py to __init__.cpython-310.pyc
byte-compiling /home/smaran/ros2_sem4/install/my_srv/lib/python3.10/site-packages/my_srv/simple_src.py to simple_src.cpython-310.pyc
byte-compiling /home/smaran/ros2_sem4/install/my_srv/lib/python3.10/site-packages/my_srv/simple_add_client.py to simple_add_client.cpython-310.pyc
byte-compiling /home/smaran/ros2_sem4/install/my_srv/lib/python3.10/site-packages/my_srv/simple_add_srv.py to simple_add_srv.cpython-310.pyc
running install_data
copying resource/my_srv -> /home/smaran/ros2_sem4/install/my_srv/share/ament_index/resource_index/packages
copying package.xml -> /home/smaran/ros2_sem4/install/my_srv/share/my_srv
running install_egg_info
Copying ../../build/my_srv/my_srv.egg-info to /home/smaran/ros2_sem4/install/my_srv/lib/python3.10/site-packages/my_srv-0.0.0-py3.10.egg-info
running install_scripts
Installing my_sum_client script to /home/smaran/ros2_sem4/install/my_srv/lib/my_srv
Installing my_sum_serv script to /home/smaran/ros2_sem4/install/my_srv/lib/my_srv
writing list of installed files to '/home/smaran/ros2_sem4/build/my_srv/install.log'
