running develop
Removing /home/smaran/ros2_sem4/install/my_pkg_01/lib/python3.10/site-packages/my-pkg-01.egg-link (link to .)
running egg_info
writing ../../build/my_pkg_01/my_pkg_01.egg-info/PKG-INFO
writing dependency_links to ../../build/my_pkg_01/my_pkg_01.egg-info/dependency_links.txt
writing entry points to ../../build/my_pkg_01/my_pkg_01.egg-info/entry_points.txt
writing requirements to ../../build/my_pkg_01/my_pkg_01.egg-info/requires.txt
writing top-level names to ../../build/my_pkg_01/my_pkg_01.egg-info/top_level.txt
reading manifest file '../../build/my_pkg_01/my_pkg_01.egg-info/SOURCES.txt'
writing manifest file '../../build/my_pkg_01/my_pkg_01.egg-info/SOURCES.txt'
running build
running build_py
copying my_pkg_01/my_sub.py -> /home/smaran/ros2_sem4/build/my_pkg_01/build/lib/my_pkg_01
copying my_pkg_01/go_to_point.py -> /home/smaran/ros2_sem4/build/my_pkg_01/build/lib/my_pkg_01
copying my_pkg_01/pub_sub_v2.py -> /home/smaran/ros2_sem4/build/my_pkg_01/build/lib/my_pkg_01
running install
running install_lib
creating /home/smaran/ros2_sem4/install/my_pkg_01/lib/python3.10/site-packages/my_pkg_01
copying /home/smaran/ros2_sem4/build/my_pkg_01/build/lib/my_pkg_01/move_circle.py -> /home/smaran/ros2_sem4/install/my_pkg_01/lib/python3.10/site-packages/my_pkg_01
copying /home/smaran/ros2_sem4/build/my_pkg_01/build/lib/my_pkg_01/my_sub.py -> /home/smaran/ros2_sem4/install/my_pkg_01/lib/python3.10/site-packages/my_pkg_01
copying /home/smaran/ros2_sem4/build/my_pkg_01/build/lib/my_pkg_01/__init__.py -> /home/smaran/ros2_sem4/install/my_pkg_01/lib/python3.10/site-packages/my_pkg_01
copying /home/smaran/ros2_sem4/build/my_pkg_01/build/lib/my_pkg_01/go_to_point.py -> /home/smaran/ros2_sem4/install/my_pkg_01/lib/python3.10/site-packages/my_pkg_01
copying /home/smaran/ros2_sem4/build/my_pkg_01/build/lib/my_pkg_01/pub_sub.py -> /home/smaran/ros2_sem4/install/my_pkg_01/lib/python3.10/site-packages/my_pkg_01
copying /home/smaran/ros2_sem4/build/my_pkg_01/build/lib/my_pkg_01/pub_sub_v2.py -> /home/smaran/ros2_sem4/install/my_pkg_01/lib/python3.10/site-packages/my_pkg_01
copying /home/smaran/ros2_sem4/build/my_pkg_01/build/lib/my_pkg_01/hello_world.py -> /home/smaran/ros2_sem4/install/my_pkg_01/lib/python3.10/site-packages/my_pkg_01
copying /home/smaran/ros2_sem4/build/my_pkg_01/build/lib/my_pkg_01/my_first_node.py -> /home/smaran/ros2_sem4/install/my_pkg_01/lib/python3.10/site-packages/my_pkg_01
byte-compiling /home/smaran/ros2_sem4/install/my_pkg_01/lib/python3.10/site-packages/my_pkg_01/move_circle.py to move_circle.cpython-310.pyc
byte-compiling /home/smaran/ros2_sem4/install/my_pkg_01/lib/python3.10/site-packages/my_pkg_01/my_sub.py to my_sub.cpython-310.pyc
byte-compiling /home/smaran/ros2_sem4/install/my_pkg_01/lib/python3.10/site-packages/my_pkg_01/__init__.py to __init__.cpython-310.pyc
byte-compiling /home/smaran/ros2_sem4/install/my_pkg_01/lib/python3.10/site-packages/my_pkg_01/go_to_point.py to go_to_point.cpython-310.pyc
byte-compiling /home/smaran/ros2_sem4/install/my_pkg_01/lib/python3.10/site-packages/my_pkg_01/pub_sub.py to pub_sub.cpython-310.pyc
byte-compiling /home/smaran/ros2_sem4/install/my_pkg_01/lib/python3.10/site-packages/my_pkg_01/pub_sub_v2.py to pub_sub_v2.cpython-310.pyc
byte-compiling /home/smaran/ros2_sem4/install/my_pkg_01/lib/python3.10/site-packages/my_pkg_01/hello_world.py to hello_world.cpython-310.pyc
byte-compiling /home/smaran/ros2_sem4/install/my_pkg_01/lib/python3.10/site-packages/my_pkg_01/my_first_node.py to my_first_node.cpython-310.pyc
running install_data
copying resource/my_pkg_01 -> /home/smaran/ros2_sem4/install/my_pkg_01/share/ament_index/resource_index/packages
copying package.xml -> /home/smaran/ros2_sem4/install/my_pkg_01/share/my_pkg_01
running install_egg_info
Copying ../../build/my_pkg_01/my_pkg_01.egg-info to /home/smaran/ros2_sem4/install/my_pkg_01/lib/python3.10/site-packages/my_pkg_01-0.0.0-py3.10.egg-info
running install_scripts
Installing go_to_point script to /home/smaran/ros2_sem4/install/my_pkg_01/lib/my_pkg_01
Installing my_circle script to /home/smaran/ros2_sem4/install/my_pkg_01/lib/my_pkg_01
Installing my_node script to /home/smaran/ros2_sem4/install/my_pkg_01/lib/my_pkg_01
Installing my_sub script to /home/smaran/ros2_sem4/install/my_pkg_01/lib/my_pkg_01
Installing pub_sub script to /home/smaran/ros2_sem4/install/my_pkg_01/lib/my_pkg_01
Installing pub_sub_2 script to /home/smaran/ros2_sem4/install/my_pkg_01/lib/my_pkg_01
writing list of installed files to '/home/smaran/ros2_sem4/build/my_pkg_01/install.log'
