running egg_info
creating ../../build/mobile_robot/mobile_robot.egg-info
writing ../../build/mobile_robot/mobile_robot.egg-info/PKG-INFO
writing dependency_links to ../../build/mobile_robot/mobile_robot.egg-info/dependency_links.txt
writing entry points to ../../build/mobile_robot/mobile_robot.egg-info/entry_points.txt
writing requirements to ../../build/mobile_robot/mobile_robot.egg-info/requires.txt
writing top-level names to ../../build/mobile_robot/mobile_robot.egg-info/top_level.txt
writing manifest file '../../build/mobile_robot/mobile_robot.egg-info/SOURCES.txt'
reading manifest file '../../build/mobile_robot/mobile_robot.egg-info/SOURCES.txt'
writing manifest file '../../build/mobile_robot/mobile_robot.egg-info/SOURCES.txt'
running build
running build_py
creating /home/smaran/ros2_sem4/build/mobile_robot/build
creating /home/smaran/ros2_sem4/build/mobile_robot/build/lib
creating /home/smaran/ros2_sem4/build/mobile_robot/build/lib/mobile_robot
copying mobile_robot/__init__.py -> /home/smaran/ros2_sem4/build/mobile_robot/build/lib/mobile_robot
running install
running install_lib
creating /home/smaran/ros2_sem4/install/mobile_robot/lib/python3.10/site-packages/mobile_robot
copying /home/smaran/ros2_sem4/build/mobile_robot/build/lib/mobile_robot/__init__.py -> /home/smaran/ros2_sem4/install/mobile_robot/lib/python3.10/site-packages/mobile_robot
byte-compiling /home/smaran/ros2_sem4/install/mobile_robot/lib/python3.10/site-packages/mobile_robot/__init__.py to __init__.cpython-310.pyc
running install_data
creating /home/smaran/ros2_sem4/install/mobile_robot/share/ament_index
creating /home/smaran/ros2_sem4/install/mobile_robot/share/ament_index/resource_index
creating /home/smaran/ros2_sem4/install/mobile_robot/share/ament_index/resource_index/packages
copying resource/mobile_robot -> /home/smaran/ros2_sem4/install/mobile_robot/share/ament_index/resource_index/packages
copying package.xml -> /home/smaran/ros2_sem4/install/mobile_robot/share/mobile_robot
running install_egg_info
Copying ../../build/mobile_robot/mobile_robot.egg-info to /home/smaran/ros2_sem4/install/mobile_robot/lib/python3.10/site-packages/mobile_robot-0.0.0-py3.10.egg-info
running install_scripts
writing list of installed files to '/home/smaran/ros2_sem4/build/mobile_robot/install.log'
