[0.535s] DEBUG:colcon:Command line arguments: ['/usr/bin/colcon', 'build']
[0.536s] DEBUG:colcon:Parsed command line arguments: Namespace(log_base=None, log_level=None, verb_name='build', build_base='build', install_base='install', merge_install=False, symlink_install=False, test_result_base=None, continue_on_error=False, executor='parallel', parallel_workers=8, event_handlers=None, ignore_user_meta=False, metas=['./colcon.meta'], base_paths=['.'], packages_ignore=None, packages_ignore_regex=None, paths=None, packages_up_to=None, packages_up_to_regex=None, packages_above=None, packages_above_and_dependencies=None, packages_above_depth=None, packages_select_by_dep=None, packages_skip_by_dep=None, packages_skip_up_to=None, packages_select_build_failed=False, packages_skip_build_finished=False, packages_select_test_failures=False, packages_skip_test_passed=False, packages_select=None, packages_skip=None, packages_select_regex=None, packages_skip_regex=None, packages_start=None, packages_end=None, allow_overriding=[], cmake_args=None, cmake_target=None, cmake_target_skip_unavailable=False, cmake_clean_cache=False, cmake_clean_first=False, cmake_force_configure=False, ament_cmake_args=None, catkin_cmake_args=None, catkin_skip_building_tests=False, verb_parser=<colcon_defaults.argument_parser.defaults.DefaultArgumentsDecorator object at 0x7f5c7d175690>, verb_extension=<colcon_core.verb.build.BuildVerb object at 0x7f5c7d272230>, main=<bound method BuildVerb.main of <colcon_core.verb.build.BuildVerb object at 0x7f5c7d272230>>)
[0.708s] Level 1:colcon.colcon_core.package_discovery:discover_packages(colcon_meta) check parameters
[0.708s] Level 1:colcon.colcon_core.package_discovery:discover_packages(recursive) check parameters
[0.708s] Level 1:colcon.colcon_core.package_discovery:discover_packages(ignore) check parameters
[0.708s] Level 1:colcon.colcon_core.package_discovery:discover_packages(path) check parameters
[0.708s] Level 1:colcon.colcon_core.package_discovery:discover_packages(colcon_meta) discover
[0.708s] Level 1:colcon.colcon_core.package_discovery:discover_packages(recursive) discover
[0.708s] INFO:colcon.colcon_core.package_discovery:Crawling recursively for packages in '/home/smaran/ros2_sem4'
[0.708s] Level 1:colcon.colcon_core.package_identification:_identify(.) by extensions ['ignore', 'ignore_ament_install']
[0.708s] Level 1:colcon.colcon_core.package_identification:_identify(.) by extension 'ignore'
[0.708s] Level 1:colcon.colcon_core.package_identification:_identify(.) by extension 'ignore_ament_install'
[0.708s] Level 1:colcon.colcon_core.package_identification:_identify(.) by extensions ['colcon_pkg']
[0.708s] Level 1:colcon.colcon_core.package_identification:_identify(.) by extension 'colcon_pkg'
[0.708s] Level 1:colcon.colcon_core.package_identification:_identify(.) by extensions ['colcon_meta']
[0.709s] Level 1:colcon.colcon_core.package_identification:_identify(.) by extension 'colcon_meta'
[0.709s] Level 1:colcon.colcon_core.package_identification:_identify(.) by extensions ['ros']
[0.709s] Level 1:colcon.colcon_core.package_identification:_identify(.) by extension 'ros'
[0.718s] Level 1:colcon.colcon_core.package_identification:_identify(.) by extensions ['cmake', 'python']
[0.718s] Level 1:colcon.colcon_core.package_identification:_identify(.) by extension 'cmake'
[0.718s] Level 1:colcon.colcon_core.package_identification:_identify(.) by extension 'python'
[0.718s] Level 1:colcon.colcon_core.package_identification:_identify(.) by extensions ['python_setup_py']
[0.718s] Level 1:colcon.colcon_core.package_identification:_identify(.) by extension 'python_setup_py'
[0.718s] Level 1:colcon.colcon_core.package_identification:_identify(build) by extensions ['ignore', 'ignore_ament_install']
[0.718s] Level 1:colcon.colcon_core.package_identification:_identify(build) by extension 'ignore'
[0.718s] Level 1:colcon.colcon_core.package_identification:_identify(build) ignored
[0.718s] Level 1:colcon.colcon_core.package_identification:_identify(install) by extensions ['ignore', 'ignore_ament_install']
[0.719s] Level 1:colcon.colcon_core.package_identification:_identify(install) by extension 'ignore'
[0.719s] Level 1:colcon.colcon_core.package_identification:_identify(install) ignored
[0.719s] Level 1:colcon.colcon_core.package_identification:_identify(log) by extensions ['ignore', 'ignore_ament_install']
[0.719s] Level 1:colcon.colcon_core.package_identification:_identify(log) by extension 'ignore'
[0.719s] Level 1:colcon.colcon_core.package_identification:_identify(log) ignored
[0.719s] Level 1:colcon.colcon_core.package_identification:_identify(src) by extensions ['ignore', 'ignore_ament_install']
[0.719s] Level 1:colcon.colcon_core.package_identification:_identify(src) by extension 'ignore'
[0.719s] Level 1:colcon.colcon_core.package_identification:_identify(src) by extension 'ignore_ament_install'
[0.719s] Level 1:colcon.colcon_core.package_identification:_identify(src) by extensions ['colcon_pkg']
[0.719s] Level 1:colcon.colcon_core.package_identification:_identify(src) by extension 'colcon_pkg'
[0.719s] Level 1:colcon.colcon_core.package_identification:_identify(src) by extensions ['colcon_meta']
[0.719s] Level 1:colcon.colcon_core.package_identification:_identify(src) by extension 'colcon_meta'
[0.719s] Level 1:colcon.colcon_core.package_identification:_identify(src) by extensions ['ros']
[0.719s] Level 1:colcon.colcon_core.package_identification:_identify(src) by extension 'ros'
[0.719s] Level 1:colcon.colcon_core.package_identification:_identify(src) by extensions ['cmake', 'python']
[0.719s] Level 1:colcon.colcon_core.package_identification:_identify(src) by extension 'cmake'
[0.719s] Level 1:colcon.colcon_core.package_identification:_identify(src) by extension 'python'
[0.719s] Level 1:colcon.colcon_core.package_identification:_identify(src) by extensions ['python_setup_py']
[0.719s] Level 1:colcon.colcon_core.package_identification:_identify(src) by extension 'python_setup_py'
[0.720s] Level 1:colcon.colcon_core.package_identification:_identify(src/mobile_robot) by extensions ['ignore', 'ignore_ament_install']
[0.720s] Level 1:colcon.colcon_core.package_identification:_identify(src/mobile_robot) by extension 'ignore'
[0.720s] Level 1:colcon.colcon_core.package_identification:_identify(src/mobile_robot) by extension 'ignore_ament_install'
[0.720s] Level 1:colcon.colcon_core.package_identification:_identify(src/mobile_robot) by extensions ['colcon_pkg']
[0.720s] Level 1:colcon.colcon_core.package_identification:_identify(src/mobile_robot) by extension 'colcon_pkg'
[0.720s] Level 1:colcon.colcon_core.package_identification:_identify(src/mobile_robot) by extensions ['colcon_meta']
[0.720s] Level 1:colcon.colcon_core.package_identification:_identify(src/mobile_robot) by extension 'colcon_meta'
[0.720s] Level 1:colcon.colcon_core.package_identification:_identify(src/mobile_robot) by extensions ['ros']
[0.720s] Level 1:colcon.colcon_core.package_identification:_identify(src/mobile_robot) by extension 'ros'
[0.730s] DEBUG:colcon.colcon_core.package_identification:Package 'src/mobile_robot' with type 'ros.ament_python' and name 'mobile_robot'
[0.730s] Level 1:colcon.colcon_core.package_identification:_identify(src/my_launch) by extensions ['ignore', 'ignore_ament_install']
[0.730s] Level 1:colcon.colcon_core.package_identification:_identify(src/my_launch) by extension 'ignore'
[0.730s] Level 1:colcon.colcon_core.package_identification:_identify(src/my_launch) by extension 'ignore_ament_install'
[0.730s] Level 1:colcon.colcon_core.package_identification:_identify(src/my_launch) by extensions ['colcon_pkg']
[0.730s] Level 1:colcon.colcon_core.package_identification:_identify(src/my_launch) by extension 'colcon_pkg'
[0.730s] Level 1:colcon.colcon_core.package_identification:_identify(src/my_launch) by extensions ['colcon_meta']
[0.731s] Level 1:colcon.colcon_core.package_identification:_identify(src/my_launch) by extension 'colcon_meta'
[0.731s] Level 1:colcon.colcon_core.package_identification:_identify(src/my_launch) by extensions ['ros']
[0.731s] Level 1:colcon.colcon_core.package_identification:_identify(src/my_launch) by extension 'ros'
[0.731s] DEBUG:colcon.colcon_core.package_identification:Package 'src/my_launch' with type 'ros.ament_cmake' and name 'my_launch'
[0.731s] Level 1:colcon.colcon_core.package_identification:_identify(src/my_pkg_01) by extensions ['ignore', 'ignore_ament_install']
[0.731s] Level 1:colcon.colcon_core.package_identification:_identify(src/my_pkg_01) by extension 'ignore'
[0.731s] Level 1:colcon.colcon_core.package_identification:_identify(src/my_pkg_01) by extension 'ignore_ament_install'
[0.731s] Level 1:colcon.colcon_core.package_identification:_identify(src/my_pkg_01) by extensions ['colcon_pkg']
[0.731s] Level 1:colcon.colcon_core.package_identification:_identify(src/my_pkg_01) by extension 'colcon_pkg'
[0.731s] Level 1:colcon.colcon_core.package_identification:_identify(src/my_pkg_01) by extensions ['colcon_meta']
[0.731s] Level 1:colcon.colcon_core.package_identification:_identify(src/my_pkg_01) by extension 'colcon_meta'
[0.732s] Level 1:colcon.colcon_core.package_identification:_identify(src/my_pkg_01) by extensions ['ros']
[0.732s] Level 1:colcon.colcon_core.package_identification:_identify(src/my_pkg_01) by extension 'ros'
[0.732s] DEBUG:colcon.colcon_core.package_identification:Package 'src/my_pkg_01' with type 'ros.ament_python' and name 'my_pkg_01'
[0.732s] Level 1:colcon.colcon_core.package_identification:_identify(src/my_srv) by extensions ['ignore', 'ignore_ament_install']
[0.732s] Level 1:colcon.colcon_core.package_identification:_identify(src/my_srv) by extension 'ignore'
[0.732s] Level 1:colcon.colcon_core.package_identification:_identify(src/my_srv) by extension 'ignore_ament_install'
[0.733s] Level 1:colcon.colcon_core.package_identification:_identify(src/my_srv) by extensions ['colcon_pkg']
[0.733s] Level 1:colcon.colcon_core.package_identification:_identify(src/my_srv) by extension 'colcon_pkg'
[0.733s] Level 1:colcon.colcon_core.package_identification:_identify(src/my_srv) by extensions ['colcon_meta']
[0.733s] Level 1:colcon.colcon_core.package_identification:_identify(src/my_srv) by extension 'colcon_meta'
[0.733s] Level 1:colcon.colcon_core.package_identification:_identify(src/my_srv) by extensions ['ros']
[0.733s] Level 1:colcon.colcon_core.package_identification:_identify(src/my_srv) by extension 'ros'
[0.733s] DEBUG:colcon.colcon_core.package_identification:Package 'src/my_srv' with type 'ros.ament_python' and name 'my_srv'
[0.733s] Level 1:colcon.colcon_core.package_discovery:discover_packages(recursive) using defaults
[0.733s] Level 1:colcon.colcon_core.package_discovery:discover_packages(ignore) discover
[0.733s] Level 1:colcon.colcon_core.package_discovery:discover_packages(ignore) using defaults
[0.733s] Level 1:colcon.colcon_core.package_discovery:discover_packages(path) discover
[0.733s] Level 1:colcon.colcon_core.package_discovery:discover_packages(path) using defaults
[0.754s] Level 1:colcon.colcon_core.package_discovery:discover_packages(prefix_path) check parameters
[0.754s] Level 1:colcon.colcon_core.package_discovery:discover_packages(prefix_path) discover
[0.760s] DEBUG:colcon.colcon_installed_package_information.package_discovery:Found 323 installed packages in /opt/ros/humble
[0.761s] Level 1:colcon.colcon_core.package_discovery:discover_packages(prefix_path) using defaults
[0.798s] Level 5:colcon.colcon_core.verb:set package 'mobile_robot' build argument 'cmake_args' from command line to 'None'
[0.798s] Level 5:colcon.colcon_core.verb:set package 'mobile_robot' build argument 'cmake_target' from command line to 'None'
[0.798s] Level 5:colcon.colcon_core.verb:set package 'mobile_robot' build argument 'cmake_target_skip_unavailable' from command line to 'False'
[0.798s] Level 5:colcon.colcon_core.verb:set package 'mobile_robot' build argument 'cmake_clean_cache' from command line to 'False'
[0.798s] Level 5:colcon.colcon_core.verb:set package 'mobile_robot' build argument 'cmake_clean_first' from command line to 'False'
[0.798s] Level 5:colcon.colcon_core.verb:set package 'mobile_robot' build argument 'cmake_force_configure' from command line to 'False'
[0.798s] Level 5:colcon.colcon_core.verb:set package 'mobile_robot' build argument 'ament_cmake_args' from command line to 'None'
[0.798s] Level 5:colcon.colcon_core.verb:set package 'mobile_robot' build argument 'catkin_cmake_args' from command line to 'None'
[0.798s] Level 5:colcon.colcon_core.verb:set package 'mobile_robot' build argument 'catkin_skip_building_tests' from command line to 'False'
[0.798s] DEBUG:colcon.colcon_core.verb:Building package 'mobile_robot' with the following arguments: {'ament_cmake_args': None, 'build_base': '/home/smaran/ros2_sem4/build/mobile_robot', 'catkin_cmake_args': None, 'catkin_skip_building_tests': False, 'cmake_args': None, 'cmake_clean_cache': False, 'cmake_clean_first': False, 'cmake_force_configure': False, 'cmake_target': None, 'cmake_target_skip_unavailable': False, 'install_base': '/home/smaran/ros2_sem4/install/mobile_robot', 'merge_install': False, 'path': '/home/smaran/ros2_sem4/src/mobile_robot', 'symlink_install': False, 'test_result_base': None}
[0.798s] Level 5:colcon.colcon_core.verb:set package 'my_launch' build argument 'cmake_args' from command line to 'None'
[0.798s] Level 5:colcon.colcon_core.verb:set package 'my_launch' build argument 'cmake_target' from command line to 'None'
[0.798s] Level 5:colcon.colcon_core.verb:set package 'my_launch' build argument 'cmake_target_skip_unavailable' from command line to 'False'
[0.798s] Level 5:colcon.colcon_core.verb:set package 'my_launch' build argument 'cmake_clean_cache' from command line to 'False'
[0.798s] Level 5:colcon.colcon_core.verb:set package 'my_launch' build argument 'cmake_clean_first' from command line to 'False'
[0.798s] Level 5:colcon.colcon_core.verb:set package 'my_launch' build argument 'cmake_force_configure' from command line to 'False'
[0.798s] Level 5:colcon.colcon_core.verb:set package 'my_launch' build argument 'ament_cmake_args' from command line to 'None'
[0.798s] Level 5:colcon.colcon_core.verb:set package 'my_launch' build argument 'catkin_cmake_args' from command line to 'None'
[0.798s] Level 5:colcon.colcon_core.verb:set package 'my_launch' build argument 'catkin_skip_building_tests' from command line to 'False'
[0.798s] DEBUG:colcon.colcon_core.verb:Building package 'my_launch' with the following arguments: {'ament_cmake_args': None, 'build_base': '/home/smaran/ros2_sem4/build/my_launch', 'catkin_cmake_args': None, 'catkin_skip_building_tests': False, 'cmake_args': None, 'cmake_clean_cache': False, 'cmake_clean_first': False, 'cmake_force_configure': False, 'cmake_target': None, 'cmake_target_skip_unavailable': False, 'install_base': '/home/smaran/ros2_sem4/install/my_launch', 'merge_install': False, 'path': '/home/smaran/ros2_sem4/src/my_launch', 'symlink_install': False, 'test_result_base': None}
[0.799s] Level 5:colcon.colcon_core.verb:set package 'my_pkg_01' build argument 'cmake_args' from command line to 'None'
[0.799s] Level 5:colcon.colcon_core.verb:set package 'my_pkg_01' build argument 'cmake_target' from command line to 'None'
[0.799s] Level 5:colcon.colcon_core.verb:set package 'my_pkg_01' build argument 'cmake_target_skip_unavailable' from command line to 'False'
[0.799s] Level 5:colcon.colcon_core.verb:set package 'my_pkg_01' build argument 'cmake_clean_cache' from command line to 'False'
[0.799s] Level 5:colcon.colcon_core.verb:set package 'my_pkg_01' build argument 'cmake_clean_first' from command line to 'False'
[0.799s] Level 5:colcon.colcon_core.verb:set package 'my_pkg_01' build argument 'cmake_force_configure' from command line to 'False'
[0.799s] Level 5:colcon.colcon_core.verb:set package 'my_pkg_01' build argument 'ament_cmake_args' from command line to 'None'
[0.799s] Level 5:colcon.colcon_core.verb:set package 'my_pkg_01' build argument 'catkin_cmake_args' from command line to 'None'
[0.799s] Level 5:colcon.colcon_core.verb:set package 'my_pkg_01' build argument 'catkin_skip_building_tests' from command line to 'False'
[0.799s] DEBUG:colcon.colcon_core.verb:Building package 'my_pkg_01' with the following arguments: {'ament_cmake_args': None, 'build_base': '/home/smaran/ros2_sem4/build/my_pkg_01', 'catkin_cmake_args': None, 'catkin_skip_building_tests': False, 'cmake_args': None, 'cmake_clean_cache': False, 'cmake_clean_first': False, 'cmake_force_configure': False, 'cmake_target': None, 'cmake_target_skip_unavailable': False, 'install_base': '/home/smaran/ros2_sem4/install/my_pkg_01', 'merge_install': False, 'path': '/home/smaran/ros2_sem4/src/my_pkg_01', 'symlink_install': False, 'test_result_base': None}
[0.799s] Level 5:colcon.colcon_core.verb:set package 'my_srv' build argument 'cmake_args' from command line to 'None'
[0.799s] Level 5:colcon.colcon_core.verb:set package 'my_srv' build argument 'cmake_target' from command line to 'None'
[0.799s] Level 5:colcon.colcon_core.verb:set package 'my_srv' build argument 'cmake_target_skip_unavailable' from command line to 'False'
[0.799s] Level 5:colcon.colcon_core.verb:set package 'my_srv' build argument 'cmake_clean_cache' from command line to 'False'
[0.799s] Level 5:colcon.colcon_core.verb:set package 'my_srv' build argument 'cmake_clean_first' from command line to 'False'
[0.799s] Level 5:colcon.colcon_core.verb:set package 'my_srv' build argument 'cmake_force_configure' from command line to 'False'
[0.799s] Level 5:colcon.colcon_core.verb:set package 'my_srv' build argument 'ament_cmake_args' from command line to 'None'
[0.799s] Level 5:colcon.colcon_core.verb:set package 'my_srv' build argument 'catkin_cmake_args' from command line to 'None'
[0.799s] Level 5:colcon.colcon_core.verb:set package 'my_srv' build argument 'catkin_skip_building_tests' from command line to 'False'
[0.799s] DEBUG:colcon.colcon_core.verb:Building package 'my_srv' with the following arguments: {'ament_cmake_args': None, 'build_base': '/home/smaran/ros2_sem4/build/my_srv', 'catkin_cmake_args': None, 'catkin_skip_building_tests': False, 'cmake_args': None, 'cmake_clean_cache': False, 'cmake_clean_first': False, 'cmake_force_configure': False, 'cmake_target': None, 'cmake_target_skip_unavailable': False, 'install_base': '/home/smaran/ros2_sem4/install/my_srv', 'merge_install': False, 'path': '/home/smaran/ros2_sem4/src/my_srv', 'symlink_install': False, 'test_result_base': None}
[0.800s] INFO:colcon.colcon_core.executor:Executing jobs using 'parallel' executor
[0.801s] DEBUG:colcon.colcon_parallel_executor.executor.parallel:run_until_complete
[0.801s] INFO:colcon.colcon_ros.task.ament_python.build:Building ROS package in '/home/smaran/ros2_sem4/src/mobile_robot' with build type 'ament_python'
[0.801s] Level 1:colcon.colcon_core.shell:create_environment_hook('mobile_robot', 'ament_prefix_path')
[0.806s] INFO:colcon.colcon_core.plugin_system:Skipping extension 'colcon_core.shell.bat': Not used on non-Windows systems
[0.807s] INFO:colcon.colcon_core.shell:Creating environment hook '/home/smaran/ros2_sem4/install/mobile_robot/share/mobile_robot/hook/ament_prefix_path.ps1'
[0.809s] INFO:colcon.colcon_core.shell:Creating environment descriptor '/home/smaran/ros2_sem4/install/mobile_robot/share/mobile_robot/hook/ament_prefix_path.dsv'
[0.810s] INFO:colcon.colcon_core.shell:Creating environment hook '/home/smaran/ros2_sem4/install/mobile_robot/share/mobile_robot/hook/ament_prefix_path.sh'
[0.811s] INFO:colcon.colcon_core.shell:Skip shell extension 'powershell' for command environment: Not usable outside of PowerShell
[0.811s] DEBUG:colcon.colcon_core.shell:Skip shell extension 'dsv' for command environment
[0.814s] INFO:colcon.colcon_ros.task.ament_cmake.build:Building ROS package in '/home/smaran/ros2_sem4/src/my_launch' with build type 'ament_cmake'
[0.814s] INFO:colcon.colcon_cmake.task.cmake.build:Building CMake package in '/home/smaran/ros2_sem4/src/my_launch'
[0.815s] INFO:colcon.colcon_core.shell:Skip shell extension 'powershell' for command environment: Not usable outside of PowerShell
[0.816s] DEBUG:colcon.colcon_core.shell:Skip shell extension 'dsv' for command environment
[0.820s] INFO:colcon.colcon_ros.task.ament_python.build:Building ROS package in '/home/smaran/ros2_sem4/src/my_pkg_01' with build type 'ament_python'
[0.820s] Level 1:colcon.colcon_core.shell:create_environment_hook('my_pkg_01', 'ament_prefix_path')
[0.821s] INFO:colcon.colcon_core.shell:Creating environment hook '/home/smaran/ros2_sem4/install/my_pkg_01/share/my_pkg_01/hook/ament_prefix_path.ps1'
[0.821s] INFO:colcon.colcon_core.shell:Creating environment descriptor '/home/smaran/ros2_sem4/install/my_pkg_01/share/my_pkg_01/hook/ament_prefix_path.dsv'
[0.822s] INFO:colcon.colcon_core.shell:Creating environment hook '/home/smaran/ros2_sem4/install/my_pkg_01/share/my_pkg_01/hook/ament_prefix_path.sh'
[0.822s] INFO:colcon.colcon_core.shell:Skip shell extension 'powershell' for command environment: Not usable outside of PowerShell
[0.823s] DEBUG:colcon.colcon_core.shell:Skip shell extension 'dsv' for command environment
[0.825s] INFO:colcon.colcon_ros.task.ament_python.build:Building ROS package in '/home/smaran/ros2_sem4/src/my_srv' with build type 'ament_python'
[0.826s] Level 1:colcon.colcon_core.shell:create_environment_hook('my_srv', 'ament_prefix_path')
[0.826s] INFO:colcon.colcon_core.shell:Creating environment hook '/home/smaran/ros2_sem4/install/my_srv/share/my_srv/hook/ament_prefix_path.ps1'
[0.828s] INFO:colcon.colcon_core.shell:Creating environment descriptor '/home/smaran/ros2_sem4/install/my_srv/share/my_srv/hook/ament_prefix_path.dsv'
[0.828s] INFO:colcon.colcon_core.shell:Creating environment hook '/home/smaran/ros2_sem4/install/my_srv/share/my_srv/hook/ament_prefix_path.sh'
[0.829s] INFO:colcon.colcon_core.shell:Skip shell extension 'powershell' for command environment: Not usable outside of PowerShell
[0.829s] DEBUG:colcon.colcon_core.shell:Skip shell extension 'dsv' for command environment
[1.090s] INFO:colcon.colcon_core.task.python.build:Building Python package in '/home/smaran/ros2_sem4/src/mobile_robot'
[1.090s] INFO:colcon.colcon_core.shell:Skip shell extension 'powershell' for command environment: Not usable outside of PowerShell
[1.090s] DEBUG:colcon.colcon_core.shell:Skip shell extension 'dsv' for command environment
[1.098s] DEBUG:colcon.colcon_core.event_handler.log_command:Invoking command in '/home/smaran/ros2_sem4/build/my_launch': CMAKE_PREFIX_PATH=/opt/ros/humble WSLENV=ELECTRON_RUN_AS_NODE/w: /usr/bin/cmake --build /home/smaran/ros2_sem4/build/my_launch -- -j8 -l8
[1.351s] INFO:colcon.colcon_core.task.python.build:Building Python package in '/home/smaran/ros2_sem4/src/my_pkg_01'
[1.351s] INFO:colcon.colcon_core.shell:Skip shell extension 'powershell' for command environment: Not usable outside of PowerShell
[1.351s] DEBUG:colcon.colcon_core.shell:Skip shell extension 'dsv' for command environment
[1.599s] INFO:colcon.colcon_core.task.python.build:Building Python package in '/home/smaran/ros2_sem4/src/my_srv'
[1.599s] INFO:colcon.colcon_core.shell:Skip shell extension 'powershell' for command environment: Not usable outside of PowerShell
[1.599s] DEBUG:colcon.colcon_core.shell:Skip shell extension 'dsv' for command environment
[1.602s] DEBUG:colcon.colcon_core.event_handler.log_command:Invoked command in '/home/smaran/ros2_sem4/build/my_launch' returned '0': CMAKE_PREFIX_PATH=/opt/ros/humble WSLENV=ELECTRON_RUN_AS_NODE/w: /usr/bin/cmake --build /home/smaran/ros2_sem4/build/my_launch -- -j8 -l8
[1.628s] DEBUG:colcon.colcon_core.event_handler.log_command:Invoking command in '/home/smaran/ros2_sem4/build/my_launch': CMAKE_PREFIX_PATH=/opt/ros/humble WSLENV=ELECTRON_RUN_AS_NODE/w: /usr/bin/cmake --install /home/smaran/ros2_sem4/build/my_launch
[1.640s] Level 1:colcon.colcon_core.environment:create_environment_scripts_only(my_launch)
[1.641s] DEBUG:colcon.colcon_core.event_handler.log_command:Invoked command in '/home/smaran/ros2_sem4/build/my_launch' returned '0': CMAKE_PREFIX_PATH=/opt/ros/humble WSLENV=ELECTRON_RUN_AS_NODE/w: /usr/bin/cmake --install /home/smaran/ros2_sem4/build/my_launch
[1.646s] Level 1:colcon.colcon_core.environment:checking '/home/smaran/ros2_sem4/install/my_launch' for CMake module files
[1.647s] Level 1:colcon.colcon_core.environment:checking '/home/smaran/ros2_sem4/install/my_launch' for CMake config files
[1.647s] Level 1:colcon.colcon_core.shell:create_environment_hook('my_launch', 'cmake_prefix_path')
[1.647s] INFO:colcon.colcon_core.shell:Creating environment hook '/home/smaran/ros2_sem4/install/my_launch/share/my_launch/hook/cmake_prefix_path.ps1'
[1.648s] INFO:colcon.colcon_core.shell:Creating environment descriptor '/home/smaran/ros2_sem4/install/my_launch/share/my_launch/hook/cmake_prefix_path.dsv'
[1.648s] INFO:colcon.colcon_core.shell:Creating environment hook '/home/smaran/ros2_sem4/install/my_launch/share/my_launch/hook/cmake_prefix_path.sh'
[1.649s] Level 1:colcon.colcon_core.environment:checking '/home/smaran/ros2_sem4/install/my_launch/bin'
[1.649s] Level 1:colcon.colcon_core.environment:checking '/home/smaran/ros2_sem4/install/my_launch/lib/pkgconfig/my_launch.pc'
[1.649s] Level 1:colcon.colcon_core.environment:checking '/home/smaran/ros2_sem4/install/my_launch/lib/python3.10/site-packages'
[1.650s] Level 1:colcon.colcon_core.environment:checking '/home/smaran/ros2_sem4/install/my_launch/bin'
[1.650s] INFO:colcon.colcon_core.shell:Creating package script '/home/smaran/ros2_sem4/install/my_launch/share/my_launch/package.ps1'
[1.651s] INFO:colcon.colcon_core.shell:Creating package descriptor '/home/smaran/ros2_sem4/install/my_launch/share/my_launch/package.dsv'
[1.652s] INFO:colcon.colcon_core.shell:Creating package script '/home/smaran/ros2_sem4/install/my_launch/share/my_launch/package.sh'
[1.654s] INFO:colcon.colcon_core.shell:Creating package script '/home/smaran/ros2_sem4/install/my_launch/share/my_launch/package.bash'
[1.655s] INFO:colcon.colcon_core.shell:Creating package script '/home/smaran/ros2_sem4/install/my_launch/share/my_launch/package.zsh'
[1.656s] Level 1:colcon.colcon_core.environment:create_file_with_runtime_dependencies(/home/smaran/ros2_sem4/install/my_launch/share/colcon-core/packages/my_launch)
[1.677s] Level 1:colcon.colcon_core.environment:create_environment_scripts_only(my_launch)
[1.677s] Level 1:colcon.colcon_core.environment:checking '/home/smaran/ros2_sem4/install/my_launch' for CMake module files
[1.678s] Level 1:colcon.colcon_core.environment:checking '/home/smaran/ros2_sem4/install/my_launch' for CMake config files
[1.678s] Level 1:colcon.colcon_core.shell:create_environment_hook('my_launch', 'cmake_prefix_path')
[1.678s] INFO:colcon.colcon_core.shell:Creating environment hook '/home/smaran/ros2_sem4/install/my_launch/share/my_launch/hook/cmake_prefix_path.ps1'
[1.679s] INFO:colcon.colcon_core.shell:Creating environment descriptor '/home/smaran/ros2_sem4/install/my_launch/share/my_launch/hook/cmake_prefix_path.dsv'
[1.679s] INFO:colcon.colcon_core.shell:Creating environment hook '/home/smaran/ros2_sem4/install/my_launch/share/my_launch/hook/cmake_prefix_path.sh'
[1.680s] Level 1:colcon.colcon_core.environment:checking '/home/smaran/ros2_sem4/install/my_launch/bin'
[1.680s] Level 1:colcon.colcon_core.environment:checking '/home/smaran/ros2_sem4/install/my_launch/lib/pkgconfig/my_launch.pc'
[1.680s] Level 1:colcon.colcon_core.environment:checking '/home/smaran/ros2_sem4/install/my_launch/lib/python3.10/site-packages'
[1.681s] Level 1:colcon.colcon_core.environment:checking '/home/smaran/ros2_sem4/install/my_launch/bin'
[1.681s] INFO:colcon.colcon_core.shell:Creating package script '/home/smaran/ros2_sem4/install/my_launch/share/my_launch/package.ps1'
[1.681s] INFO:colcon.colcon_core.shell:Creating package descriptor '/home/smaran/ros2_sem4/install/my_launch/share/my_launch/package.dsv'
[1.682s] INFO:colcon.colcon_core.shell:Creating package script '/home/smaran/ros2_sem4/install/my_launch/share/my_launch/package.sh'
[1.682s] INFO:colcon.colcon_core.shell:Creating package script '/home/smaran/ros2_sem4/install/my_launch/share/my_launch/package.bash'
[1.683s] INFO:colcon.colcon_core.shell:Creating package script '/home/smaran/ros2_sem4/install/my_launch/share/my_launch/package.zsh'
[1.683s] Level 1:colcon.colcon_core.environment:create_file_with_runtime_dependencies(/home/smaran/ros2_sem4/install/my_launch/share/colcon-core/packages/my_launch)
[2.078s] DEBUG:colcon.colcon_core.event_handler.log_command:Invoking command in '/home/smaran/ros2_sem4/build/my_pkg_01': PYTHONPATH=/home/smaran/ros2_sem4/build/my_pkg_01/prefix_override:/home/smaran/ros2_sem4/install/my_pkg_01/lib/python3.10/site-packages:${PYTHONPATH} WSLENV=ELECTRON_RUN_AS_NODE/w: /usr/bin/python3 -W ignore:setup.py install is deprecated setup.py develop --uninstall --editable --build-directory /home/smaran/ros2_sem4/build/my_pkg_01/build
[2.087s] DEBUG:colcon.colcon_core.event_handler.log_command:Invoking command in '/home/smaran/ros2_sem4/build/my_srv': PYTHONPATH=/home/smaran/ros2_sem4/build/my_srv/prefix_override:/home/smaran/ros2_sem4/install/my_srv/lib/python3.10/site-packages:${PYTHONPATH} WSLENV=ELECTRON_RUN_AS_NODE/w: /usr/bin/python3 -W ignore:setup.py install is deprecated setup.py develop --uninstall --editable --build-directory /home/smaran/ros2_sem4/build/my_srv/build
[2.088s] DEBUG:colcon.colcon_core.event_handler.log_command:Invoking command in '/home/smaran/ros2_sem4/src/mobile_robot': PYTHONPATH=/home/smaran/ros2_sem4/build/mobile_robot/prefix_override:/home/smaran/ros2_sem4/install/mobile_robot/lib/python3.10/site-packages:${PYTHONPATH} WSLENV=ELECTRON_RUN_AS_NODE/w: /usr/bin/python3 -W ignore:setup.py install is deprecated setup.py egg_info --egg-base ../../build/mobile_robot build --build-base /home/smaran/ros2_sem4/build/mobile_robot/build install --record /home/smaran/ros2_sem4/build/mobile_robot/install.log --single-version-externally-managed install_data
[2.438s] Level 1:colcon.colcon_core.environment:checking '/home/smaran/ros2_sem4/install/mobile_robot' for CMake module files
[2.439s] DEBUG:colcon.colcon_core.event_handler.log_command:Invoked command in '/home/smaran/ros2_sem4/src/mobile_robot' returned '0': PYTHONPATH=/home/smaran/ros2_sem4/build/mobile_robot/prefix_override:/home/smaran/ros2_sem4/install/mobile_robot/lib/python3.10/site-packages:${PYTHONPATH} WSLENV=ELECTRON_RUN_AS_NODE/w: /usr/bin/python3 -W ignore:setup.py install is deprecated setup.py egg_info --egg-base ../../build/mobile_robot build --build-base /home/smaran/ros2_sem4/build/mobile_robot/build install --record /home/smaran/ros2_sem4/build/mobile_robot/install.log --single-version-externally-managed install_data
[2.439s] Level 1:colcon.colcon_core.environment:checking '/home/smaran/ros2_sem4/install/mobile_robot' for CMake config files
[2.440s] Level 1:colcon.colcon_core.environment:checking '/home/smaran/ros2_sem4/install/mobile_robot/lib'
[2.440s] Level 1:colcon.colcon_core.environment:checking '/home/smaran/ros2_sem4/install/mobile_robot/bin'
[2.440s] Level 1:colcon.colcon_core.environment:checking '/home/smaran/ros2_sem4/install/mobile_robot/lib/pkgconfig/mobile_robot.pc'
[2.440s] Level 1:colcon.colcon_core.environment:checking '/home/smaran/ros2_sem4/install/mobile_robot/lib/python3.10/site-packages'
[2.440s] Level 1:colcon.colcon_core.shell:create_environment_hook('mobile_robot', 'pythonpath')
[2.440s] INFO:colcon.colcon_core.shell:Creating environment hook '/home/smaran/ros2_sem4/install/mobile_robot/share/mobile_robot/hook/pythonpath.ps1'
[2.441s] INFO:colcon.colcon_core.shell:Creating environment descriptor '/home/smaran/ros2_sem4/install/mobile_robot/share/mobile_robot/hook/pythonpath.dsv'
[2.441s] INFO:colcon.colcon_core.shell:Creating environment hook '/home/smaran/ros2_sem4/install/mobile_robot/share/mobile_robot/hook/pythonpath.sh'
[2.441s] Level 1:colcon.colcon_core.environment:checking '/home/smaran/ros2_sem4/install/mobile_robot/bin'
[2.441s] Level 1:colcon.colcon_core.environment:create_environment_scripts_only(mobile_robot)
[2.442s] INFO:colcon.colcon_core.shell:Creating package script '/home/smaran/ros2_sem4/install/mobile_robot/share/mobile_robot/package.ps1'
[2.442s] INFO:colcon.colcon_core.shell:Creating package descriptor '/home/smaran/ros2_sem4/install/mobile_robot/share/mobile_robot/package.dsv'
[2.442s] INFO:colcon.colcon_core.shell:Creating package script '/home/smaran/ros2_sem4/install/mobile_robot/share/mobile_robot/package.sh'
[2.443s] INFO:colcon.colcon_core.shell:Creating package script '/home/smaran/ros2_sem4/install/mobile_robot/share/mobile_robot/package.bash'
[2.443s] INFO:colcon.colcon_core.shell:Creating package script '/home/smaran/ros2_sem4/install/mobile_robot/share/mobile_robot/package.zsh'
[2.443s] Level 1:colcon.colcon_core.environment:create_file_with_runtime_dependencies(/home/smaran/ros2_sem4/install/mobile_robot/share/colcon-core/packages/mobile_robot)
[2.601s] DEBUG:colcon.colcon_core.event_handler.log_command:Invoked command in '/home/smaran/ros2_sem4/build/my_srv' returned '0': PYTHONPATH=/home/smaran/ros2_sem4/build/my_srv/prefix_override:/home/smaran/ros2_sem4/install/my_srv/lib/python3.10/site-packages:${PYTHONPATH} WSLENV=ELECTRON_RUN_AS_NODE/w: /usr/bin/python3 -W ignore:setup.py install is deprecated setup.py develop --uninstall --editable --build-directory /home/smaran/ros2_sem4/build/my_srv/build
[2.603s] DEBUG:colcon.colcon_core.event_handler.log_command:Invoking command in '/home/smaran/ros2_sem4/src/my_srv': PYTHONPATH=/home/smaran/ros2_sem4/build/my_srv/prefix_override:/home/smaran/ros2_sem4/install/my_srv/lib/python3.10/site-packages:${PYTHONPATH} WSLENV=ELECTRON_RUN_AS_NODE/w: /usr/bin/python3 -W ignore:setup.py install is deprecated setup.py egg_info --egg-base ../../build/my_srv build --build-base /home/smaran/ros2_sem4/build/my_srv/build install --record /home/smaran/ros2_sem4/build/my_srv/install.log --single-version-externally-managed install_data --force
[2.620s] DEBUG:colcon.colcon_core.event_handler.log_command:Invoked command in '/home/smaran/ros2_sem4/build/my_pkg_01' returned '0': PYTHONPATH=/home/smaran/ros2_sem4/build/my_pkg_01/prefix_override:/home/smaran/ros2_sem4/install/my_pkg_01/lib/python3.10/site-packages:${PYTHONPATH} WSLENV=ELECTRON_RUN_AS_NODE/w: /usr/bin/python3 -W ignore:setup.py install is deprecated setup.py develop --uninstall --editable --build-directory /home/smaran/ros2_sem4/build/my_pkg_01/build
[2.622s] DEBUG:colcon.colcon_core.event_handler.log_command:Invoking command in '/home/smaran/ros2_sem4/src/my_pkg_01': PYTHONPATH=/home/smaran/ros2_sem4/build/my_pkg_01/prefix_override:/home/smaran/ros2_sem4/install/my_pkg_01/lib/python3.10/site-packages:${PYTHONPATH} WSLENV=ELECTRON_RUN_AS_NODE/w: /usr/bin/python3 -W ignore:setup.py install is deprecated setup.py egg_info --egg-base ../../build/my_pkg_01 build --build-base /home/smaran/ros2_sem4/build/my_pkg_01/build install --record /home/smaran/ros2_sem4/build/my_pkg_01/install.log --single-version-externally-managed install_data --force
[2.924s] Level 1:colcon.colcon_core.environment:checking '/home/smaran/ros2_sem4/install/my_srv' for CMake module files
[2.924s] DEBUG:colcon.colcon_core.event_handler.log_command:Invoked command in '/home/smaran/ros2_sem4/src/my_srv' returned '0': PYTHONPATH=/home/smaran/ros2_sem4/build/my_srv/prefix_override:/home/smaran/ros2_sem4/install/my_srv/lib/python3.10/site-packages:${PYTHONPATH} WSLENV=ELECTRON_RUN_AS_NODE/w: /usr/bin/python3 -W ignore:setup.py install is deprecated setup.py egg_info --egg-base ../../build/my_srv build --build-base /home/smaran/ros2_sem4/build/my_srv/build install --record /home/smaran/ros2_sem4/build/my_srv/install.log --single-version-externally-managed install_data --force
[2.925s] Level 1:colcon.colcon_core.environment:checking '/home/smaran/ros2_sem4/install/my_srv' for CMake config files
[2.925s] Level 1:colcon.colcon_core.environment:checking '/home/smaran/ros2_sem4/install/my_srv/lib'
[2.925s] Level 1:colcon.colcon_core.environment:checking '/home/smaran/ros2_sem4/install/my_srv/bin'
[2.925s] Level 1:colcon.colcon_core.environment:checking '/home/smaran/ros2_sem4/install/my_srv/lib/pkgconfig/my_srv.pc'
[2.926s] Level 1:colcon.colcon_core.environment:checking '/home/smaran/ros2_sem4/install/my_srv/lib/python3.10/site-packages'
[2.926s] Level 1:colcon.colcon_core.shell:create_environment_hook('my_srv', 'pythonpath')
[2.926s] INFO:colcon.colcon_core.shell:Creating environment hook '/home/smaran/ros2_sem4/install/my_srv/share/my_srv/hook/pythonpath.ps1'
[2.926s] INFO:colcon.colcon_core.shell:Creating environment descriptor '/home/smaran/ros2_sem4/install/my_srv/share/my_srv/hook/pythonpath.dsv'
[2.927s] INFO:colcon.colcon_core.shell:Creating environment hook '/home/smaran/ros2_sem4/install/my_srv/share/my_srv/hook/pythonpath.sh'
[2.927s] Level 1:colcon.colcon_core.environment:checking '/home/smaran/ros2_sem4/install/my_srv/bin'
[2.927s] Level 1:colcon.colcon_core.environment:create_environment_scripts_only(my_srv)
[2.928s] INFO:colcon.colcon_core.shell:Creating package script '/home/smaran/ros2_sem4/install/my_srv/share/my_srv/package.ps1'
[2.928s] INFO:colcon.colcon_core.shell:Creating package descriptor '/home/smaran/ros2_sem4/install/my_srv/share/my_srv/package.dsv'
[2.928s] INFO:colcon.colcon_core.shell:Creating package script '/home/smaran/ros2_sem4/install/my_srv/share/my_srv/package.sh'
[2.929s] INFO:colcon.colcon_core.shell:Creating package script '/home/smaran/ros2_sem4/install/my_srv/share/my_srv/package.bash'
[2.929s] INFO:colcon.colcon_core.shell:Creating package script '/home/smaran/ros2_sem4/install/my_srv/share/my_srv/package.zsh'
[2.930s] Level 1:colcon.colcon_core.environment:create_file_with_runtime_dependencies(/home/smaran/ros2_sem4/install/my_srv/share/colcon-core/packages/my_srv)
[2.933s] Level 1:colcon.colcon_core.environment:checking '/home/smaran/ros2_sem4/install/my_pkg_01' for CMake module files
[2.934s] DEBUG:colcon.colcon_core.event_handler.log_command:Invoked command in '/home/smaran/ros2_sem4/src/my_pkg_01' returned '0': PYTHONPATH=/home/smaran/ros2_sem4/build/my_pkg_01/prefix_override:/home/smaran/ros2_sem4/install/my_pkg_01/lib/python3.10/site-packages:${PYTHONPATH} WSLENV=ELECTRON_RUN_AS_NODE/w: /usr/bin/python3 -W ignore:setup.py install is deprecated setup.py egg_info --egg-base ../../build/my_pkg_01 build --build-base /home/smaran/ros2_sem4/build/my_pkg_01/build install --record /home/smaran/ros2_sem4/build/my_pkg_01/install.log --single-version-externally-managed install_data --force
[2.934s] Level 1:colcon.colcon_core.environment:checking '/home/smaran/ros2_sem4/install/my_pkg_01' for CMake config files
[2.935s] Level 1:colcon.colcon_core.environment:checking '/home/smaran/ros2_sem4/install/my_pkg_01/lib'
[2.935s] Level 1:colcon.colcon_core.environment:checking '/home/smaran/ros2_sem4/install/my_pkg_01/bin'
[2.935s] Level 1:colcon.colcon_core.environment:checking '/home/smaran/ros2_sem4/install/my_pkg_01/lib/pkgconfig/my_pkg_01.pc'
[2.935s] Level 1:colcon.colcon_core.environment:checking '/home/smaran/ros2_sem4/install/my_pkg_01/lib/python3.10/site-packages'
[2.936s] Level 1:colcon.colcon_core.shell:create_environment_hook('my_pkg_01', 'pythonpath')
[2.936s] INFO:colcon.colcon_core.shell:Creating environment hook '/home/smaran/ros2_sem4/install/my_pkg_01/share/my_pkg_01/hook/pythonpath.ps1'
[2.936s] INFO:colcon.colcon_core.shell:Creating environment descriptor '/home/smaran/ros2_sem4/install/my_pkg_01/share/my_pkg_01/hook/pythonpath.dsv'
[2.937s] INFO:colcon.colcon_core.shell:Creating environment hook '/home/smaran/ros2_sem4/install/my_pkg_01/share/my_pkg_01/hook/pythonpath.sh'
[2.937s] Level 1:colcon.colcon_core.environment:checking '/home/smaran/ros2_sem4/install/my_pkg_01/bin'
[2.937s] Level 1:colcon.colcon_core.environment:create_environment_scripts_only(my_pkg_01)
[2.938s] INFO:colcon.colcon_core.shell:Creating package script '/home/smaran/ros2_sem4/install/my_pkg_01/share/my_pkg_01/package.ps1'
[2.938s] INFO:colcon.colcon_core.shell:Creating package descriptor '/home/smaran/ros2_sem4/install/my_pkg_01/share/my_pkg_01/package.dsv'
[2.939s] INFO:colcon.colcon_core.shell:Creating package script '/home/smaran/ros2_sem4/install/my_pkg_01/share/my_pkg_01/package.sh'
[2.939s] INFO:colcon.colcon_core.shell:Creating package script '/home/smaran/ros2_sem4/install/my_pkg_01/share/my_pkg_01/package.bash'
[2.940s] INFO:colcon.colcon_core.shell:Creating package script '/home/smaran/ros2_sem4/install/my_pkg_01/share/my_pkg_01/package.zsh'
[2.940s] Level 1:colcon.colcon_core.environment:create_file_with_runtime_dependencies(/home/smaran/ros2_sem4/install/my_pkg_01/share/colcon-core/packages/my_pkg_01)
[2.940s] DEBUG:colcon.colcon_parallel_executor.executor.parallel:closing loop
[2.941s] DEBUG:colcon.colcon_parallel_executor.executor.parallel:loop closed
[2.941s] DEBUG:colcon.colcon_parallel_executor.executor.parallel:run_until_complete finished with '0'
[2.941s] DEBUG:colcon.colcon_core.event_reactor:joining thread
[2.947s] INFO:colcon.colcon_core.plugin_system:Skipping extension 'colcon_notification.desktop_notification.terminal_notifier': Not used on non-Darwin systems
[2.947s] INFO:colcon.colcon_core.plugin_system:Skipping extension 'colcon_notification.desktop_notification.win32': Not used on non-Windows systems
[2.947s] INFO:colcon.colcon_notification.desktop_notification:Sending desktop notification using 'notify2'
[2.949s] DEBUG:colcon.colcon_notification.desktop_notification.notify2:Failed to initialize notify2: org.freedesktop.DBus.Error.ServiceUnknown: The name org.freedesktop.Notifications was not provided by any .service files
[2.949s] DEBUG:colcon.colcon_core.event_reactor:joined thread
[2.950s] INFO:colcon.colcon_core.shell:Creating prefix script '/home/smaran/ros2_sem4/install/local_setup.ps1'
[2.951s] INFO:colcon.colcon_core.shell:Creating prefix util module '/home/smaran/ros2_sem4/install/_local_setup_util_ps1.py'
[2.953s] INFO:colcon.colcon_core.shell:Creating prefix chain script '/home/smaran/ros2_sem4/install/setup.ps1'
[2.954s] INFO:colcon.colcon_core.shell:Creating prefix script '/home/smaran/ros2_sem4/install/local_setup.sh'
[2.956s] INFO:colcon.colcon_core.shell:Creating prefix util module '/home/smaran/ros2_sem4/install/_local_setup_util_sh.py'
[2.956s] INFO:colcon.colcon_core.shell:Creating prefix chain script '/home/smaran/ros2_sem4/install/setup.sh'
[2.957s] INFO:colcon.colcon_core.shell:Creating prefix script '/home/smaran/ros2_sem4/install/local_setup.bash'
[2.958s] INFO:colcon.colcon_core.shell:Creating prefix chain script '/home/smaran/ros2_sem4/install/setup.bash'
[2.960s] INFO:colcon.colcon_core.shell:Creating prefix script '/home/smaran/ros2_sem4/install/local_setup.zsh'
[2.960s] INFO:colcon.colcon_core.shell:Creating prefix chain script '/home/smaran/ros2_sem4/install/setup.zsh'
