running develop
running egg_info
writing my_pkg_01.egg-info/PKG-INFO
writing dependency_links to my_pkg_01.egg-info/dependency_links.txt
writing entry points to my_pkg_01.egg-info/entry_points.txt
writing requirements to my_pkg_01.egg-info/requires.txt
writing top-level names to my_pkg_01.egg-info/top_level.txt
reading manifest file 'my_pkg_01.egg-info/SOURCES.txt'
writing manifest file 'my_pkg_01.egg-info/SOURCES.txt'
running build_ext
Creating /home/smaran/ros2_sem4/install/my_pkg_01/lib/python3.10/site-packages/my-pkg-01.egg-link (link to .)
Installing go_to_point script to /home/smaran/ros2_sem4/install/my_pkg_01/lib/my_pkg_01
Installing my_circle script to /home/smaran/ros2_sem4/install/my_pkg_01/lib/my_pkg_01
Installing my_node script to /home/smaran/ros2_sem4/install/my_pkg_01/lib/my_pkg_01
Installing my_sub script to /home/smaran/ros2_sem4/install/my_pkg_01/lib/my_pkg_01
Installing pub_sub script to /home/smaran/ros2_sem4/install/my_pkg_01/lib/my_pkg_01
Installing pub_sub_2 script to /home/smaran/ros2_sem4/install/my_pkg_01/lib/my_pkg_01

Installed /home/smaran/ros2_sem4/build/my_pkg_01
running symlink_data
symbolically linking /home/smaran/ros2_sem4/build/my_pkg_01/resource/my_pkg_01 -> /home/smaran/ros2_sem4/install/my_pkg_01/share/ament_index/resource_index/packages
symbolically linking /home/smaran/ros2_sem4/build/my_pkg_01/package.xml -> /home/smaran/ros2_sem4/install/my_pkg_01/share/my_pkg_01
