[1.335s] Invoking command in '/home/smaran/ros2_sem4/build/my_pkg_01': PYTHONPATH=/home/smaran/ros2_sem4/build/my_pkg_01/prefix_override:/home/smaran/ros2_sem4/install/my_pkg_01/lib/python3.10/site-packages:${PYTHONPATH} /usr/bin/python3 -W ignore:setup.py install is deprecated setup.py develop --editable --build-directory /home/smaran/ros2_sem4/build/my_pkg_01/build --no-deps symlink_data
[1.647s] running develop
[1.866s] running egg_info
[1.867s] writing my_pkg_01.egg-info/PKG-INFO
[1.867s] writing dependency_links to my_pkg_01.egg-info/dependency_links.txt
[1.867s] writing entry points to my_pkg_01.egg-info/entry_points.txt
[1.867s] writing requirements to my_pkg_01.egg-info/requires.txt
[1.868s] writing top-level names to my_pkg_01.egg-info/top_level.txt
[1.870s] reading manifest file 'my_pkg_01.egg-info/SOURCES.txt'
[1.871s] writing manifest file 'my_pkg_01.egg-info/SOURCES.txt'
[1.873s] running build_ext
[1.873s] Creating /home/smaran/ros2_sem4/install/my_pkg_01/lib/python3.10/site-packages/my-pkg-01.egg-link (link to .)
[1.874s] Installing go_to_point script to /home/smaran/ros2_sem4/install/my_pkg_01/lib/my_pkg_01
[1.874s] Installing my_circle script to /home/smaran/ros2_sem4/install/my_pkg_01/lib/my_pkg_01
[1.874s] Installing my_node script to /home/smaran/ros2_sem4/install/my_pkg_01/lib/my_pkg_01
[1.874s] Installing my_sub script to /home/smaran/ros2_sem4/install/my_pkg_01/lib/my_pkg_01
[1.875s] Installing pub_sub script to /home/smaran/ros2_sem4/install/my_pkg_01/lib/my_pkg_01
[1.875s] Installing pub_sub_2 script to /home/smaran/ros2_sem4/install/my_pkg_01/lib/my_pkg_01
[1.875s] 
[1.876s] Installed /home/smaran/ros2_sem4/build/my_pkg_01
[1.876s] running symlink_data
[1.927s] Invoked command in '/home/smaran/ros2_sem4/build/my_pkg_01' returned '0': PYTHONPATH=/home/smaran/ros2_sem4/build/my_pkg_01/prefix_override:/home/smaran/ros2_sem4/install/my_pkg_01/lib/python3.10/site-packages:${PYTHONPATH} /usr/bin/python3 -W ignore:setup.py install is deprecated setup.py develop --editable --build-directory /home/smaran/ros2_sem4/build/my_pkg_01/build --no-deps symlink_data
