-- Found ament_cmake: 1.3.8 (/opt/ros/humble/share/ament_cmake/cmake)
-- Override CMake install command with custom implementation using symlinks instead of copying resources
-- Configuring done
-- Generating done
-- Build files have been written to: /home/smaran/ros2_sem4/build/my_launch
-- Install configuration: ""
-- Execute custom install script
-- Symlinking: /home/smaran/ros2_sem4/install/my_launch/share/my_launch/launch/my_demo_launch.launch.xml
-- Symlinking: /home/smaran/ros2_sem4/install/my_launch/share/ament_index/resource_index/package_run_dependencies/my_launch
-- Symlinking: /home/smaran/ros2_sem4/install/my_launch/share/ament_index/resource_index/parent_prefix_path/my_launch
-- Symlinking: /home/smaran/ros2_sem4/install/my_launch/share/my_launch/environment/ament_prefix_path.sh
-- Symlinking: /home/smaran/ros2_sem4/install/my_launch/share/my_launch/environment/ament_prefix_path.dsv
-- Symlinking: /home/smaran/ros2_sem4/install/my_launch/share/my_launch/environment/path.sh
-- Symlinking: /home/smaran/ros2_sem4/install/my_launch/share/my_launch/environment/path.dsv
-- Symlinking: /home/smaran/ros2_sem4/install/my_launch/share/my_launch/local_setup.bash
-- Symlinking: /home/smaran/ros2_sem4/install/my_launch/share/my_launch/local_setup.sh
-- Symlinking: /home/smaran/ros2_sem4/install/my_launch/share/my_launch/local_setup.zsh
-- Symlinking: /home/smaran/ros2_sem4/install/my_launch/share/my_launch/local_setup.dsv
-- Symlinking: /home/smaran/ros2_sem4/install/my_launch/share/my_launch/package.dsv
-- Symlinking: /home/smaran/ros2_sem4/install/my_launch/share/ament_index/resource_index/packages/my_launch
-- Symlinking: /home/smaran/ros2_sem4/install/my_launch/share/my_launch/cmake/my_launchConfig.cmake
-- Symlinking: /home/smaran/ros2_sem4/install/my_launch/share/my_launch/cmake/my_launchConfig-version.cmake
-- Symlinking: /home/smaran/ros2_sem4/install/my_launch/share/my_launch/package.xml
