[0.637s] Invoking command in '/home/smaran/ros2_sem4/build/my_launch': CMAKE_PREFIX_PATH=/opt/ros/humble /usr/bin/cmake /home/smaran/ros2_sem4/src/my_launch -DAMENT_CMAKE_SYMLINK_INSTALL=1 -DCMAKE_INSTALL_PREFIX=/home/smaran/ros2_sem4/install/my_launch
[1.630s] -- Found ament_cmake: 1.3.8 (/opt/ros/humble/share/ament_cmake/cmake)
[1.632s] -- Override CMake install command with custom implementation using symlinks instead of copying resources
[1.633s] -- Configuring done
[1.633s] -- Generating done
[1.634s] -- Build files have been written to: /home/smaran/ros2_sem4/build/my_launch
[1.651s] Invoked command in '/home/smaran/ros2_sem4/build/my_launch' returned '0': CMAKE_PREFIX_PATH=/opt/ros/humble /usr/bin/cmake /home/smaran/ros2_sem4/src/my_launch -DAMENT_CMAKE_SYMLINK_INSTALL=1 -DCMAKE_INSTALL_PREFIX=/home/smaran/ros2_sem4/install/my_launch
[1.653s] Invoking command in '/home/smaran/ros2_sem4/build/my_launch': CMAKE_PREFIX_PATH=/opt/ros/humble /usr/bin/cmake --build /home/smaran/ros2_sem4/build/my_launch -- -j8 -l8
[1.706s] Invoked command in '/home/smaran/ros2_sem4/build/my_launch' returned '0': CMAKE_PREFIX_PATH=/opt/ros/humble /usr/bin/cmake --build /home/smaran/ros2_sem4/build/my_launch -- -j8 -l8
[1.753s] Invoking command in '/home/smaran/ros2_sem4/build/my_launch': CMAKE_PREFIX_PATH=/opt/ros/humble /usr/bin/cmake --install /home/smaran/ros2_sem4/build/my_launch
[1.761s] -- Install configuration: ""
[1.762s] -- Execute custom install script
[1.763s] -- Symlinking: /home/smaran/ros2_sem4/install/my_launch/share/my_launch/launch/my_demo_launch.launch.xml
[1.778s] -- Symlinking: /home/smaran/ros2_sem4/install/my_launch/share/ament_index/resource_index/package_run_dependencies/my_launch
[1.791s] -- Symlinking: /home/smaran/ros2_sem4/install/my_launch/share/ament_index/resource_index/parent_prefix_path/my_launch
[1.808s] -- Symlinking: /home/smaran/ros2_sem4/install/my_launch/share/my_launch/environment/ament_prefix_path.sh
[1.819s] -- Symlinking: /home/smaran/ros2_sem4/install/my_launch/share/my_launch/environment/ament_prefix_path.dsv
[1.830s] -- Symlinking: /home/smaran/ros2_sem4/install/my_launch/share/my_launch/environment/path.sh
[1.842s] -- Symlinking: /home/smaran/ros2_sem4/install/my_launch/share/my_launch/environment/path.dsv
[1.853s] -- Symlinking: /home/smaran/ros2_sem4/install/my_launch/share/my_launch/local_setup.bash
[1.867s] -- Symlinking: /home/smaran/ros2_sem4/install/my_launch/share/my_launch/local_setup.sh
[1.880s] -- Symlinking: /home/smaran/ros2_sem4/install/my_launch/share/my_launch/local_setup.zsh
[1.895s] -- Symlinking: /home/smaran/ros2_sem4/install/my_launch/share/my_launch/local_setup.dsv
[1.907s] -- Symlinking: /home/smaran/ros2_sem4/install/my_launch/share/my_launch/package.dsv
[1.920s] -- Symlinking: /home/smaran/ros2_sem4/install/my_launch/share/ament_index/resource_index/packages/my_launch
[1.930s] -- Symlinking: /home/smaran/ros2_sem4/install/my_launch/share/my_launch/cmake/my_launchConfig.cmake
[1.941s] -- Symlinking: /home/smaran/ros2_sem4/install/my_launch/share/my_launch/cmake/my_launchConfig-version.cmake
[1.951s] -- Symlinking: /home/smaran/ros2_sem4/install/my_launch/share/my_launch/package.xml
[1.966s] Invoked command in '/home/smaran/ros2_sem4/build/my_launch' returned '0': CMAKE_PREFIX_PATH=/opt/ros/humble /usr/bin/cmake --install /home/smaran/ros2_sem4/build/my_launch
