[3.216s] DEBUG:colcon:Command line arguments: ['/usr/bin/colcon', 'list', '-p', '--base-paths', '/home/smaran/ros2_sem4']
[3.216s] DEBUG:colcon:Parsed command line arguments: Namespace(log_base=None, log_level=None, verb_name='list', build_base='build', ignore_user_meta=False, metas=['./colcon.meta'], base_paths=['/home/smaran/ros2_sem4'], packages_ignore=None, packages_ignore_regex=None, paths=None, packages_up_to=None, packages_up_to_regex=None, packages_above=None, packages_above_and_dependencies=None, packages_above_depth=None, packages_select_by_dep=None, packages_skip_by_dep=None, packages_skip_up_to=None, packages_select_build_failed=False, packages_skip_build_finished=False, packages_select_test_failures=False, packages_skip_test_passed=False, packages_select=None, packages_skip=None, packages_select_regex=None, packages_skip_regex=None, packages_start=None, packages_end=None, allow_overriding=[], topological_order=False, names_only=False, paths_only=True, topological_graph=False, topological_graph_dot=False, topological_graph_density=False, topological_graph_legend=False, topological_graph_dot_cluster=False, topological_graph_dot_include_skipped=False, verb_parser=<colcon_defaults.argument_parser.defaults.DefaultArgumentsDecorator object at 0x7f8071929390>, verb_extension=<colcon_package_information.verb.list.ListVerb object at 0x7f8071fb3430>, main=<bound method ListVerb.main of <colcon_package_information.verb.list.ListVerb object at 0x7f8071fb3430>>)
[3.368s] Level 1:colcon.colcon_core.package_discovery:discover_packages(colcon_meta) check parameters
[3.368s] Level 1:colcon.colcon_core.package_discovery:discover_packages(recursive) check parameters
[3.368s] Level 1:colcon.colcon_core.package_discovery:discover_packages(ignore) check parameters
[3.368s] Level 1:colcon.colcon_core.package_discovery:discover_packages(path) check parameters
[3.368s] Level 1:colcon.colcon_core.package_discovery:discover_packages(recursive) discover
[3.368s] INFO:colcon.colcon_core.package_discovery:Crawling recursively for packages in '/home/smaran/ros2_sem4'
[3.369s] Level 1:colcon.colcon_core.package_identification:_identify(/home/smaran/ros2_sem4) by extensions ['ignore', 'ignore_ament_install']
[3.369s] Level 1:colcon.colcon_core.package_identification:_identify(/home/smaran/ros2_sem4) by extension 'ignore'
[3.369s] Level 1:colcon.colcon_core.package_identification:_identify(/home/smaran/ros2_sem4) by extension 'ignore_ament_install'
[3.369s] Level 1:colcon.colcon_core.package_identification:_identify(/home/smaran/ros2_sem4) by extensions ['colcon_pkg']
[3.369s] Level 1:colcon.colcon_core.package_identification:_identify(/home/smaran/ros2_sem4) by extension 'colcon_pkg'
[3.369s] Level 1:colcon.colcon_core.package_identification:_identify(/home/smaran/ros2_sem4) by extensions ['colcon_meta']
[3.370s] Level 1:colcon.colcon_core.package_identification:_identify(/home/smaran/ros2_sem4) by extension 'colcon_meta'
[3.370s] Level 1:colcon.colcon_core.package_identification:_identify(/home/smaran/ros2_sem4) by extensions ['ros']
[3.370s] Level 1:colcon.colcon_core.package_identification:_identify(/home/smaran/ros2_sem4) by extension 'ros'
[3.404s] Level 1:colcon.colcon_core.package_identification:_identify(/home/smaran/ros2_sem4) by extensions ['cmake', 'python']
[3.404s] Level 1:colcon.colcon_core.package_identification:_identify(/home/smaran/ros2_sem4) by extension 'cmake'
[3.405s] Level 1:colcon.colcon_core.package_identification:_identify(/home/smaran/ros2_sem4) by extension 'python'
[3.405s] Level 1:colcon.colcon_core.package_identification:_identify(/home/smaran/ros2_sem4) by extensions ['python_setup_py']
[3.405s] Level 1:colcon.colcon_core.package_identification:_identify(/home/smaran/ros2_sem4) by extension 'python_setup_py'
[3.405s] Level 1:colcon.colcon_core.package_identification:_identify(/home/smaran/ros2_sem4/build) by extensions ['ignore', 'ignore_ament_install']
[3.405s] Level 1:colcon.colcon_core.package_identification:_identify(/home/smaran/ros2_sem4/build) by extension 'ignore'
[3.406s] Level 1:colcon.colcon_core.package_identification:_identify(/home/smaran/ros2_sem4/build) ignored
[3.406s] Level 1:colcon.colcon_core.package_identification:_identify(/home/smaran/ros2_sem4/install) by extensions ['ignore', 'ignore_ament_install']
[3.406s] Level 1:colcon.colcon_core.package_identification:_identify(/home/smaran/ros2_sem4/install) by extension 'ignore'
[3.406s] Level 1:colcon.colcon_core.package_identification:_identify(/home/smaran/ros2_sem4/install) ignored
[3.407s] Level 1:colcon.colcon_core.package_identification:_identify(/home/smaran/ros2_sem4/log) by extensions ['ignore', 'ignore_ament_install']
[3.407s] Level 1:colcon.colcon_core.package_identification:_identify(/home/smaran/ros2_sem4/log) by extension 'ignore'
[3.407s] Level 1:colcon.colcon_core.package_identification:_identify(/home/smaran/ros2_sem4/log) ignored
[3.407s] Level 1:colcon.colcon_core.package_identification:_identify(/home/smaran/ros2_sem4/src) by extensions ['ignore', 'ignore_ament_install']
[3.407s] Level 1:colcon.colcon_core.package_identification:_identify(/home/smaran/ros2_sem4/src) by extension 'ignore'
[3.408s] Level 1:colcon.colcon_core.package_identification:_identify(/home/smaran/ros2_sem4/src) by extension 'ignore_ament_install'
[3.408s] Level 1:colcon.colcon_core.package_identification:_identify(/home/smaran/ros2_sem4/src) by extensions ['colcon_pkg']
[3.408s] Level 1:colcon.colcon_core.package_identification:_identify(/home/smaran/ros2_sem4/src) by extension 'colcon_pkg'
[3.408s] Level 1:colcon.colcon_core.package_identification:_identify(/home/smaran/ros2_sem4/src) by extensions ['colcon_meta']
[3.408s] Level 1:colcon.colcon_core.package_identification:_identify(/home/smaran/ros2_sem4/src) by extension 'colcon_meta'
[3.408s] Level 1:colcon.colcon_core.package_identification:_identify(/home/smaran/ros2_sem4/src) by extensions ['ros']
[3.408s] Level 1:colcon.colcon_core.package_identification:_identify(/home/smaran/ros2_sem4/src) by extension 'ros'
[3.409s] Level 1:colcon.colcon_core.package_identification:_identify(/home/smaran/ros2_sem4/src) by extensions ['cmake', 'python']
[3.409s] Level 1:colcon.colcon_core.package_identification:_identify(/home/smaran/ros2_sem4/src) by extension 'cmake'
[3.409s] Level 1:colcon.colcon_core.package_identification:_identify(/home/smaran/ros2_sem4/src) by extension 'python'
[3.409s] Level 1:colcon.colcon_core.package_identification:_identify(/home/smaran/ros2_sem4/src) by extensions ['python_setup_py']
[3.409s] Level 1:colcon.colcon_core.package_identification:_identify(/home/smaran/ros2_sem4/src) by extension 'python_setup_py'
[3.409s] Level 1:colcon.colcon_core.package_identification:_identify(/home/smaran/ros2_sem4/src/my_pkg_01) by extensions ['ignore', 'ignore_ament_install']
[3.410s] Level 1:colcon.colcon_core.package_identification:_identify(/home/smaran/ros2_sem4/src/my_pkg_01) by extension 'ignore'
[3.410s] Level 1:colcon.colcon_core.package_identification:_identify(/home/smaran/ros2_sem4/src/my_pkg_01) by extension 'ignore_ament_install'
[3.410s] Level 1:colcon.colcon_core.package_identification:_identify(/home/smaran/ros2_sem4/src/my_pkg_01) by extensions ['colcon_pkg']
[3.410s] Level 1:colcon.colcon_core.package_identification:_identify(/home/smaran/ros2_sem4/src/my_pkg_01) by extension 'colcon_pkg'
[3.410s] Level 1:colcon.colcon_core.package_identification:_identify(/home/smaran/ros2_sem4/src/my_pkg_01) by extensions ['colcon_meta']
[3.410s] Level 1:colcon.colcon_core.package_identification:_identify(/home/smaran/ros2_sem4/src/my_pkg_01) by extension 'colcon_meta'
[3.410s] Level 1:colcon.colcon_core.package_identification:_identify(/home/smaran/ros2_sem4/src/my_pkg_01) by extensions ['ros']
[3.410s] Level 1:colcon.colcon_core.package_identification:_identify(/home/smaran/ros2_sem4/src/my_pkg_01) by extension 'ros'
[3.415s] DEBUG:colcon.colcon_core.package_identification:Package '/home/smaran/ros2_sem4/src/my_pkg_01' with type 'ros.ament_python' and name 'my_pkg_01'
[3.415s] Level 1:colcon.colcon_core.package_discovery:discover_packages(recursive) using defaults
