[1.182s] Invoking command in '/home/smaran/ros2_sem4/build/my_pkg_01': PYTHONPATH=/home/smaran/ros2_sem4/build/my_pkg_01/prefix_override:/home/smaran/ros2_sem4/install/my_pkg_01/lib/python3.10/site-packages:${PYTHONPATH} /usr/bin/python3 -W ignore:setup.py install is deprecated setup.py develop --editable --build-directory /home/smaran/ros2_sem4/build/my_pkg_01/build --no-deps symlink_data
[1.485s] running develop
[1.675s] running egg_info
[1.676s] writing my_pkg_01.egg-info/PKG-INFO
[1.676s] writing dependency_links to my_pkg_01.egg-info/dependency_links.txt
[1.676s] writing entry points to my_pkg_01.egg-info/entry_points.txt
[1.676s] writing requirements to my_pkg_01.egg-info/requires.txt
[1.676s] writing top-level names to my_pkg_01.egg-info/top_level.txt
[1.679s] reading manifest file 'my_pkg_01.egg-info/SOURCES.txt'
[1.679s] writing manifest file 'my_pkg_01.egg-info/SOURCES.txt'
[1.681s] running build_ext
[1.681s] Creating /home/smaran/ros2_sem4/install/my_pkg_01/lib/python3.10/site-packages/my-pkg-01.egg-link (link to .)
[1.682s] Installing go_to_point script to /home/smaran/ros2_sem4/install/my_pkg_01/lib/my_pkg_01
[1.682s] Installing my_circle script to /home/smaran/ros2_sem4/install/my_pkg_01/lib/my_pkg_01
[1.683s] Installing my_node script to /home/smaran/ros2_sem4/install/my_pkg_01/lib/my_pkg_01
[1.683s] Installing my_sub script to /home/smaran/ros2_sem4/install/my_pkg_01/lib/my_pkg_01
[1.683s] Installing pub_sub script to /home/smaran/ros2_sem4/install/my_pkg_01/lib/my_pkg_01
[1.683s] Installing pub_sub_2 script to /home/smaran/ros2_sem4/install/my_pkg_01/lib/my_pkg_01
[1.683s] 
[1.683s] Installed /home/smaran/ros2_sem4/build/my_pkg_01
[1.683s] running symlink_data
[1.725s] Invoked command in '/home/smaran/ros2_sem4/build/my_pkg_01' returned '0': PYTHONPATH=/home/smaran/ros2_sem4/build/my_pkg_01/prefix_override:/home/smaran/ros2_sem4/install/my_pkg_01/lib/python3.10/site-packages:${PYTHONPATH} /usr/bin/python3 -W ignore:setup.py install is deprecated setup.py develop --editable --build-directory /home/smaran/ros2_sem4/build/my_pkg_01/build --no-deps symlink_data
