[0.283s] Invoking command in '/home/smaran/ros2_sem4/build/my_launch': CMAKE_PREFIX_PATH=/opt/ros/humble WSLENV=ELECTRON_RUN_AS_NODE/w: /usr/bin/cmake --build /home/smaran/ros2_sem4/build/my_launch -- -j8 -l8
[0.788s] Invoked command in '/home/smaran/ros2_sem4/build/my_launch' returned '0': CMAKE_PREFIX_PATH=/opt/ros/humble WSLENV=ELECTRON_RUN_AS_NODE/w: /usr/bin/cmake --build /home/smaran/ros2_sem4/build/my_launch -- -j8 -l8
[0.813s] Invoking command in '/home/smaran/ros2_sem4/build/my_launch': CMAKE_PREFIX_PATH=/opt/ros/humble WSLENV=ELECTRON_RUN_AS_NODE/w: /usr/bin/cmake --install /home/smaran/ros2_sem4/build/my_launch
[0.820s] -- Install configuration: ""
[0.822s] -- Up-to-date: /home/smaran/ros2_sem4/install/my_launch/share/my_launch/launch
[0.822s] -- Up-to-date: /home/smaran/ros2_sem4/install/my_launch/share/my_launch/launch/my_demo_launch.launch.xml
[0.822s] -- Up-to-date: /home/smaran/ros2_sem4/install/my_launch/share/ament_index/resource_index/package_run_dependencies/my_launch
[0.822s] -- Up-to-date: /home/smaran/ros2_sem4/install/my_launch/share/ament_index/resource_index/parent_prefix_path/my_launch
[0.823s] -- Up-to-date: /home/smaran/ros2_sem4/install/my_launch/share/my_launch/environment/ament_prefix_path.sh
[0.823s] -- Up-to-date: /home/smaran/ros2_sem4/install/my_launch/share/my_launch/environment/ament_prefix_path.dsv
[0.823s] -- Up-to-date: /home/smaran/ros2_sem4/install/my_launch/share/my_launch/environment/path.sh
[0.823s] -- Up-to-date: /home/smaran/ros2_sem4/install/my_launch/share/my_launch/environment/path.dsv
[0.823s] -- Up-to-date: /home/smaran/ros2_sem4/install/my_launch/share/my_launch/local_setup.bash
[0.824s] -- Up-to-date: /home/smaran/ros2_sem4/install/my_launch/share/my_launch/local_setup.sh
[0.824s] -- Up-to-date: /home/smaran/ros2_sem4/install/my_launch/share/my_launch/local_setup.zsh
[0.824s] -- Up-to-date: /home/smaran/ros2_sem4/install/my_launch/share/my_launch/local_setup.dsv
[0.824s] -- Up-to-date: /home/smaran/ros2_sem4/install/my_launch/share/my_launch/package.dsv
[0.824s] -- Up-to-date: /home/smaran/ros2_sem4/install/my_launch/share/ament_index/resource_index/packages/my_launch
[0.825s] -- Up-to-date: /home/smaran/ros2_sem4/install/my_launch/share/my_launch/cmake/my_launchConfig.cmake
[0.825s] -- Up-to-date: /home/smaran/ros2_sem4/install/my_launch/share/my_launch/cmake/my_launchConfig-version.cmake
[0.825s] -- Up-to-date: /home/smaran/ros2_sem4/install/my_launch/share/my_launch/package.xml
[0.827s] Invoked command in '/home/smaran/ros2_sem4/build/my_launch' returned '0': CMAKE_PREFIX_PATH=/opt/ros/humble WSLENV=ELECTRON_RUN_AS_NODE/w: /usr/bin/cmake --install /home/smaran/ros2_sem4/build/my_launch
