[3.225s] Invoking command in '/home/smaran/ros2_sem4/build/my_pkg_01': PYTHONPATH=/home/smaran/ros2_sem4/build/my_pkg_01/prefix_override:/home/smaran/ros2_sem4/install/my_pkg_01/lib/python3.10/site-packages:${PYTHONPATH} /usr/bin/python3 -W ignore:setup.py install is deprecated setup.py develop --editable --build-directory /home/smaran/ros2_sem4/build/my_pkg_01/build --no-deps symlink_data
[3.883s] running develop
[4.382s] running egg_info
[4.383s] writing my_pkg_01.egg-info/PKG-INFO
[4.384s] writing dependency_links to my_pkg_01.egg-info/dependency_links.txt
[4.385s] writing entry points to my_pkg_01.egg-info/entry_points.txt
[4.385s] writing requirements to my_pkg_01.egg-info/requires.txt
[4.386s] writing top-level names to my_pkg_01.egg-info/top_level.txt
[4.390s] reading manifest file 'my_pkg_01.egg-info/SOURCES.txt'
[4.392s] writing manifest file 'my_pkg_01.egg-info/SOURCES.txt'
[4.395s] running build_ext
[4.396s] Creating /home/smaran/ros2_sem4/install/my_pkg_01/lib/python3.10/site-packages/my-pkg-01.egg-link (link to .)
[4.398s] Installing go_to_point script to /home/smaran/ros2_sem4/install/my_pkg_01/lib/my_pkg_01
[4.399s] Installing my_circle script to /home/smaran/ros2_sem4/install/my_pkg_01/lib/my_pkg_01
[4.399s] Installing my_node script to /home/smaran/ros2_sem4/install/my_pkg_01/lib/my_pkg_01
[4.400s] Installing my_sub script to /home/smaran/ros2_sem4/install/my_pkg_01/lib/my_pkg_01
[4.401s] Installing pub_sub script to /home/smaran/ros2_sem4/install/my_pkg_01/lib/my_pkg_01
[4.402s] Installing pub_sub_2 script to /home/smaran/ros2_sem4/install/my_pkg_01/lib/my_pkg_01
[4.403s] 
[4.403s] Installed /home/smaran/ros2_sem4/build/my_pkg_01
[4.404s] running symlink_data
[4.497s] Invoked command in '/home/smaran/ros2_sem4/build/my_pkg_01' returned '0': PYTHONPATH=/home/smaran/ros2_sem4/build/my_pkg_01/prefix_override:/home/smaran/ros2_sem4/install/my_pkg_01/lib/python3.10/site-packages:${PYTHONPATH} /usr/bin/python3 -W ignore:setup.py install is deprecated setup.py develop --editable --build-directory /home/smaran/ros2_sem4/build/my_pkg_01/build --no-deps symlink_data
