[0.566s] Invoking command in '/home/smaran/ros2_sem4/build/my_launch': CMAKE_PREFIX_PATH=/opt/ros/humble /usr/bin/cmake --build /home/smaran/ros2_sem4/build/my_launch -- -j8 -l8
[1.564s] -- Found ament_cmake: 1.3.8 (/opt/ros/humble/share/ament_cmake/cmake)
[1.565s] -- Override CMake install command with custom implementation using symlinks instead of copying resources
[1.566s] -- Configuring done
[1.567s] -- Generating done
[1.568s] -- Build files have been written to: /home/smaran/ros2_sem4/build/my_launch
[1.569s] Invoked command in '/home/smaran/ros2_sem4/build/my_launch' returned '0': CMAKE_PREFIX_PATH=/opt/ros/humble /usr/bin/cmake --build /home/smaran/ros2_sem4/build/my_launch -- -j8 -l8
[1.616s] Invoking command in '/home/smaran/ros2_sem4/build/my_launch': CMAKE_PREFIX_PATH=/opt/ros/humble /usr/bin/cmake --install /home/smaran/ros2_sem4/build/my_launch
[1.630s] -- Install configuration: ""
[1.630s] -- Execute custom install script
[1.631s] -- Up-to-date symlink: /home/smaran/ros2_sem4/install/my_launch/share/my_launch/launch/my_demo_launch.launch.xml
[1.632s] -- Up-to-date symlink: /home/smaran/ros2_sem4/install/my_launch/share/ament_index/resource_index/package_run_dependencies/my_launch
[1.632s] -- Up-to-date symlink: /home/smaran/ros2_sem4/install/my_launch/share/ament_index/resource_index/parent_prefix_path/my_launch
[1.633s] -- Up-to-date symlink: /home/smaran/ros2_sem4/install/my_launch/share/my_launch/environment/ament_prefix_path.sh
[1.633s] -- Up-to-date symlink: /home/smaran/ros2_sem4/install/my_launch/share/my_launch/environment/ament_prefix_path.dsv
[1.634s] -- Up-to-date symlink: /home/smaran/ros2_sem4/install/my_launch/share/my_launch/environment/path.sh
[1.635s] -- Up-to-date symlink: /home/smaran/ros2_sem4/install/my_launch/share/my_launch/environment/path.dsv
[1.636s] -- Up-to-date symlink: /home/smaran/ros2_sem4/install/my_launch/share/my_launch/local_setup.bash
[1.636s] -- Up-to-date symlink: /home/smaran/ros2_sem4/install/my_launch/share/my_launch/local_setup.sh
[1.637s] -- Up-to-date symlink: /home/smaran/ros2_sem4/install/my_launch/share/my_launch/local_setup.zsh
[1.638s] -- Up-to-date symlink: /home/smaran/ros2_sem4/install/my_launch/share/my_launch/local_setup.dsv
[1.638s] -- Symlinking: /home/smaran/ros2_sem4/install/my_launch/share/my_launch/package.dsv
[1.661s] -- Up-to-date symlink: /home/smaran/ros2_sem4/install/my_launch/share/ament_index/resource_index/packages/my_launch
[1.661s] -- Up-to-date symlink: /home/smaran/ros2_sem4/install/my_launch/share/my_launch/cmake/my_launchConfig.cmake
[1.661s] -- Up-to-date symlink: /home/smaran/ros2_sem4/install/my_launch/share/my_launch/cmake/my_launchConfig-version.cmake
[1.662s] -- Up-to-date symlink: /home/smaran/ros2_sem4/install/my_launch/share/my_launch/package.xml
[1.679s] Invoked command in '/home/smaran/ros2_sem4/build/my_launch' returned '0': CMAKE_PREFIX_PATH=/opt/ros/humble /usr/bin/cmake --install /home/smaran/ros2_sem4/build/my_launch
