[2.512s] Invoking command in '/home/smaran/ros2_sem4/build/my_pkg_01': PYTHONPATH=/home/smaran/ros2_sem4/build/my_pkg_01/prefix_override:/home/smaran/ros2_sem4/install/my_pkg_01/lib/python3.10/site-packages:${PYTHONPATH} /usr/bin/python3 -W ignore:setup.py install is deprecated setup.py develop --editable --build-directory /home/smaran/ros2_sem4/build/my_pkg_01/build --no-deps symlink_data
[3.095s] running develop
[3.509s] running egg_info
[3.510s] writing my_pkg_01.egg-info/PKG-INFO
[3.510s] writing dependency_links to my_pkg_01.egg-info/dependency_links.txt
[3.511s] writing entry points to my_pkg_01.egg-info/entry_points.txt
[3.511s] writing requirements to my_pkg_01.egg-info/requires.txt
[3.512s] writing top-level names to my_pkg_01.egg-info/top_level.txt
[3.516s] reading manifest file 'my_pkg_01.egg-info/SOURCES.txt'
[3.518s] writing manifest file 'my_pkg_01.egg-info/SOURCES.txt'
[3.522s] running build_ext
[3.524s] Creating /home/smaran/ros2_sem4/install/my_pkg_01/lib/python3.10/site-packages/my-pkg-01.egg-link (link to .)
[3.524s] Installing go_to_point script to /home/smaran/ros2_sem4/install/my_pkg_01/lib/my_pkg_01
[3.525s] Installing my_circle script to /home/smaran/ros2_sem4/install/my_pkg_01/lib/my_pkg_01
[3.525s] Installing my_node script to /home/smaran/ros2_sem4/install/my_pkg_01/lib/my_pkg_01
[3.526s] Installing my_sub script to /home/smaran/ros2_sem4/install/my_pkg_01/lib/my_pkg_01
[3.526s] Installing pub_sub script to /home/smaran/ros2_sem4/install/my_pkg_01/lib/my_pkg_01
[3.526s] Installing pub_sub_2 script to /home/smaran/ros2_sem4/install/my_pkg_01/lib/my_pkg_01
[3.527s] 
[3.527s] Installed /home/smaran/ros2_sem4/build/my_pkg_01
[3.528s] running symlink_data
[3.605s] Invoked command in '/home/smaran/ros2_sem4/build/my_pkg_01' returned '0': PYTHONPATH=/home/smaran/ros2_sem4/build/my_pkg_01/prefix_override:/home/smaran/ros2_sem4/install/my_pkg_01/lib/python3.10/site-packages:${PYTHONPATH} /usr/bin/python3 -W ignore:setup.py install is deprecated setup.py develop --editable --build-directory /home/smaran/ros2_sem4/build/my_pkg_01/build --no-deps symlink_data
