[0.176s] DEBUG:colcon:Command line arguments: ['/usr/bin/colcon', 'build', '--symlink-install']
[0.176s] DEBUG:colcon:Parsed command line arguments: Namespace(log_base=None, log_level=None, verb_name='build', build_base='build', install_base='install', merge_install=False, symlink_install=True, test_result_base=None, continue_on_error=False, executor='parallel', parallel_workers=8, event_handlers=None, ignore_user_meta=False, metas=['./colcon.meta'], base_paths=['.'], packages_ignore=None, packages_ignore_regex=None, paths=None, packages_up_to=None, packages_up_to_regex=None, packages_above=None, packages_above_and_dependencies=None, packages_above_depth=None, packages_select_by_dep=None, packages_skip_by_dep=None, packages_skip_up_to=None, packages_select_build_failed=False, packages_skip_build_finished=False, packages_select_test_failures=False, packages_skip_test_passed=False, packages_select=None, packages_skip=None, packages_select_regex=None, packages_skip_regex=None, packages_start=None, packages_end=None, allow_overriding=[], cmake_args=None, cmake_target=None, cmake_target_skip_unavailable=False, cmake_clean_cache=False, cmake_clean_first=False, cmake_force_configure=False, ament_cmake_args=None, catkin_cmake_args=None, catkin_skip_building_tests=False, verb_parser=<colcon_defaults.argument_parser.defaults.DefaultArgumentsDecorator object at 0x7fb843fa5c60>, verb_extension=<colcon_core.verb.build.BuildVerb object at 0x7fb84409e890>, main=<bound method BuildVerb.main of <colcon_core.verb.build.BuildVerb object at 0x7fb84409e890>>)
[0.349s] Level 1:colcon.colcon_core.package_discovery:discover_packages(colcon_meta) check parameters
[0.349s] Level 1:colcon.colcon_core.package_discovery:discover_packages(recursive) check parameters
[0.349s] Level 1:colcon.colcon_core.package_discovery:discover_packages(ignore) check parameters
[0.349s] Level 1:colcon.colcon_core.package_discovery:discover_packages(path) check parameters
[0.349s] Level 1:colcon.colcon_core.package_discovery:discover_packages(colcon_meta) discover
[0.349s] Level 1:colcon.colcon_core.package_discovery:discover_packages(recursive) discover
[0.349s] INFO:colcon.colcon_core.package_discovery:Crawling recursively for packages in '/home/smaran/ros2_sem4'
[0.349s] Level 1:colcon.colcon_core.package_identification:_identify(.) by extensions ['ignore', 'ignore_ament_install']
[0.350s] Level 1:colcon.colcon_core.package_identification:_identify(.) by extension 'ignore'
[0.350s] Level 1:colcon.colcon_core.package_identification:_identify(.) by extension 'ignore_ament_install'
[0.350s] Level 1:colcon.colcon_core.package_identification:_identify(.) by extensions ['colcon_pkg']
[0.350s] Level 1:colcon.colcon_core.package_identification:_identify(.) by extension 'colcon_pkg'
[0.350s] Level 1:colcon.colcon_core.package_identification:_identify(.) by extensions ['colcon_meta']
[0.350s] Level 1:colcon.colcon_core.package_identification:_identify(.) by extension 'colcon_meta'
[0.350s] Level 1:colcon.colcon_core.package_identification:_identify(.) by extensions ['ros']
[0.350s] Level 1:colcon.colcon_core.package_identification:_identify(.) by extension 'ros'
[0.359s] Level 1:colcon.colcon_core.package_identification:_identify(.) by extensions ['cmake', 'python']
[0.359s] Level 1:colcon.colcon_core.package_identification:_identify(.) by extension 'cmake'
[0.359s] Level 1:colcon.colcon_core.package_identification:_identify(.) by extension 'python'
[0.359s] Level 1:colcon.colcon_core.package_identification:_identify(.) by extensions ['python_setup_py']
[0.359s] Level 1:colcon.colcon_core.package_identification:_identify(.) by extension 'python_setup_py'
[0.359s] Level 1:colcon.colcon_core.package_identification:_identify(build) by extensions ['ignore', 'ignore_ament_install']
[0.360s] Level 1:colcon.colcon_core.package_identification:_identify(build) by extension 'ignore'
[0.360s] Level 1:colcon.colcon_core.package_identification:_identify(build) ignored
[0.360s] Level 1:colcon.colcon_core.package_identification:_identify(install) by extensions ['ignore', 'ignore_ament_install']
[0.360s] Level 1:colcon.colcon_core.package_identification:_identify(install) by extension 'ignore'
[0.360s] Level 1:colcon.colcon_core.package_identification:_identify(install) ignored
[0.360s] Level 1:colcon.colcon_core.package_identification:_identify(log) by extensions ['ignore', 'ignore_ament_install']
[0.360s] Level 1:colcon.colcon_core.package_identification:_identify(log) by extension 'ignore'
[0.360s] Level 1:colcon.colcon_core.package_identification:_identify(log) ignored
[0.360s] Level 1:colcon.colcon_core.package_identification:_identify(src) by extensions ['ignore', 'ignore_ament_install']
[0.360s] Level 1:colcon.colcon_core.package_identification:_identify(src) by extension 'ignore'
[0.360s] Level 1:colcon.colcon_core.package_identification:_identify(src) by extension 'ignore_ament_install'
[0.360s] Level 1:colcon.colcon_core.package_identification:_identify(src) by extensions ['colcon_pkg']
[0.360s] Level 1:colcon.colcon_core.package_identification:_identify(src) by extension 'colcon_pkg'
[0.360s] Level 1:colcon.colcon_core.package_identification:_identify(src) by extensions ['colcon_meta']
[0.360s] Level 1:colcon.colcon_core.package_identification:_identify(src) by extension 'colcon_meta'
[0.361s] Level 1:colcon.colcon_core.package_identification:_identify(src) by extensions ['ros']
[0.361s] Level 1:colcon.colcon_core.package_identification:_identify(src) by extension 'ros'
[0.361s] Level 1:colcon.colcon_core.package_identification:_identify(src) by extensions ['cmake', 'python']
[0.361s] Level 1:colcon.colcon_core.package_identification:_identify(src) by extension 'cmake'
[0.361s] Level 1:colcon.colcon_core.package_identification:_identify(src) by extension 'python'
[0.361s] Level 1:colcon.colcon_core.package_identification:_identify(src) by extensions ['python_setup_py']
[0.361s] Level 1:colcon.colcon_core.package_identification:_identify(src) by extension 'python_setup_py'
[0.361s] Level 1:colcon.colcon_core.package_identification:_identify(src/mobile_robot) by extensions ['ignore', 'ignore_ament_install']
[0.361s] Level 1:colcon.colcon_core.package_identification:_identify(src/mobile_robot) by extension 'ignore'
[0.361s] Level 1:colcon.colcon_core.package_identification:_identify(src/mobile_robot) by extension 'ignore_ament_install'
[0.361s] Level 1:colcon.colcon_core.package_identification:_identify(src/mobile_robot) by extensions ['colcon_pkg']
[0.361s] Level 1:colcon.colcon_core.package_identification:_identify(src/mobile_robot) by extension 'colcon_pkg'
[0.361s] Level 1:colcon.colcon_core.package_identification:_identify(src/mobile_robot) by extensions ['colcon_meta']
[0.361s] Level 1:colcon.colcon_core.package_identification:_identify(src/mobile_robot) by extension 'colcon_meta'
[0.361s] Level 1:colcon.colcon_core.package_identification:_identify(src/mobile_robot) by extensions ['ros']
[0.361s] Level 1:colcon.colcon_core.package_identification:_identify(src/mobile_robot) by extension 'ros'
[0.370s] DEBUG:colcon.colcon_core.package_identification:Package 'src/mobile_robot' with type 'ros.ament_python' and name 'mobile_robot'
[0.371s] Level 1:colcon.colcon_core.package_identification:_identify(src/my_launch) by extensions ['ignore', 'ignore_ament_install']
[0.371s] Level 1:colcon.colcon_core.package_identification:_identify(src/my_launch) by extension 'ignore'
[0.371s] Level 1:colcon.colcon_core.package_identification:_identify(src/my_launch) by extension 'ignore_ament_install'
[0.371s] Level 1:colcon.colcon_core.package_identification:_identify(src/my_launch) by extensions ['colcon_pkg']
[0.371s] Level 1:colcon.colcon_core.package_identification:_identify(src/my_launch) by extension 'colcon_pkg'
[0.371s] Level 1:colcon.colcon_core.package_identification:_identify(src/my_launch) by extensions ['colcon_meta']
[0.371s] Level 1:colcon.colcon_core.package_identification:_identify(src/my_launch) by extension 'colcon_meta'
[0.371s] Level 1:colcon.colcon_core.package_identification:_identify(src/my_launch) by extensions ['ros']
[0.371s] Level 1:colcon.colcon_core.package_identification:_identify(src/my_launch) by extension 'ros'
[0.371s] DEBUG:colcon.colcon_core.package_identification:Package 'src/my_launch' with type 'ros.ament_cmake' and name 'my_launch'
[0.371s] Level 1:colcon.colcon_core.package_identification:_identify(src/my_pkg_01) by extensions ['ignore', 'ignore_ament_install']
[0.371s] Level 1:colcon.colcon_core.package_identification:_identify(src/my_pkg_01) by extension 'ignore'
[0.372s] Level 1:colcon.colcon_core.package_identification:_identify(src/my_pkg_01) by extension 'ignore_ament_install'
[0.372s] Level 1:colcon.colcon_core.package_identification:_identify(src/my_pkg_01) by extensions ['colcon_pkg']
[0.372s] Level 1:colcon.colcon_core.package_identification:_identify(src/my_pkg_01) by extension 'colcon_pkg'
[0.372s] Level 1:colcon.colcon_core.package_identification:_identify(src/my_pkg_01) by extensions ['colcon_meta']
[0.372s] Level 1:colcon.colcon_core.package_identification:_identify(src/my_pkg_01) by extension 'colcon_meta'
[0.372s] Level 1:colcon.colcon_core.package_identification:_identify(src/my_pkg_01) by extensions ['ros']
[0.372s] Level 1:colcon.colcon_core.package_identification:_identify(src/my_pkg_01) by extension 'ros'
[0.372s] DEBUG:colcon.colcon_core.package_identification:Package 'src/my_pkg_01' with type 'ros.ament_python' and name 'my_pkg_01'
[0.373s] Level 1:colcon.colcon_core.package_identification:_identify(src/my_srv) by extensions ['ignore', 'ignore_ament_install']
[0.373s] Level 1:colcon.colcon_core.package_identification:_identify(src/my_srv) by extension 'ignore'
[0.373s] Level 1:colcon.colcon_core.package_identification:_identify(src/my_srv) by extension 'ignore_ament_install'
[0.373s] Level 1:colcon.colcon_core.package_identification:_identify(src/my_srv) by extensions ['colcon_pkg']
[0.373s] Level 1:colcon.colcon_core.package_identification:_identify(src/my_srv) by extension 'colcon_pkg'
[0.373s] Level 1:colcon.colcon_core.package_identification:_identify(src/my_srv) by extensions ['colcon_meta']
[0.373s] Level 1:colcon.colcon_core.package_identification:_identify(src/my_srv) by extension 'colcon_meta'
[0.373s] Level 1:colcon.colcon_core.package_identification:_identify(src/my_srv) by extensions ['ros']
[0.373s] Level 1:colcon.colcon_core.package_identification:_identify(src/my_srv) by extension 'ros'
[0.373s] DEBUG:colcon.colcon_core.package_identification:Package 'src/my_srv' with type 'ros.ament_python' and name 'my_srv'
[0.373s] Level 1:colcon.colcon_core.package_discovery:discover_packages(recursive) using defaults
[0.374s] Level 1:colcon.colcon_core.package_discovery:discover_packages(ignore) discover
[0.374s] Level 1:colcon.colcon_core.package_discovery:discover_packages(ignore) using defaults
[0.374s] Level 1:colcon.colcon_core.package_discovery:discover_packages(path) discover
[0.374s] Level 1:colcon.colcon_core.package_discovery:discover_packages(path) using defaults
[0.390s] Level 1:colcon.colcon_core.package_discovery:discover_packages(prefix_path) check parameters
[0.390s] Level 1:colcon.colcon_core.package_discovery:discover_packages(prefix_path) discover
[0.391s] DEBUG:colcon.colcon_installed_package_information.package_discovery:Found 4 installed packages in /home/smaran/ros2_sem4/install
[0.392s] DEBUG:colcon.colcon_installed_package_information.package_discovery:Found 323 installed packages in /opt/ros/humble
[0.394s] Level 1:colcon.colcon_core.package_discovery:discover_packages(prefix_path) using defaults
[0.427s] Level 5:colcon.colcon_core.verb:set package 'mobile_robot' build argument 'cmake_args' from command line to 'None'
[0.427s] Level 5:colcon.colcon_core.verb:set package 'mobile_robot' build argument 'cmake_target' from command line to 'None'
[0.427s] Level 5:colcon.colcon_core.verb:set package 'mobile_robot' build argument 'cmake_target_skip_unavailable' from command line to 'False'
[0.427s] Level 5:colcon.colcon_core.verb:set package 'mobile_robot' build argument 'cmake_clean_cache' from command line to 'False'
[0.427s] Level 5:colcon.colcon_core.verb:set package 'mobile_robot' build argument 'cmake_clean_first' from command line to 'False'
[0.427s] Level 5:colcon.colcon_core.verb:set package 'mobile_robot' build argument 'cmake_force_configure' from command line to 'False'
[0.427s] Level 5:colcon.colcon_core.verb:set package 'mobile_robot' build argument 'ament_cmake_args' from command line to 'None'
[0.427s] Level 5:colcon.colcon_core.verb:set package 'mobile_robot' build argument 'catkin_cmake_args' from command line to 'None'
[0.427s] Level 5:colcon.colcon_core.verb:set package 'mobile_robot' build argument 'catkin_skip_building_tests' from command line to 'False'
[0.427s] DEBUG:colcon.colcon_core.verb:Building package 'mobile_robot' with the following arguments: {'ament_cmake_args': None, 'build_base': '/home/smaran/ros2_sem4/build/mobile_robot', 'catkin_cmake_args': None, 'catkin_skip_building_tests': False, 'cmake_args': None, 'cmake_clean_cache': False, 'cmake_clean_first': False, 'cmake_force_configure': False, 'cmake_target': None, 'cmake_target_skip_unavailable': False, 'install_base': '/home/smaran/ros2_sem4/install/mobile_robot', 'merge_install': False, 'path': '/home/smaran/ros2_sem4/src/mobile_robot', 'symlink_install': True, 'test_result_base': None}
[0.428s] Level 5:colcon.colcon_core.verb:set package 'my_launch' build argument 'cmake_args' from command line to 'None'
[0.428s] Level 5:colcon.colcon_core.verb:set package 'my_launch' build argument 'cmake_target' from command line to 'None'
[0.428s] Level 5:colcon.colcon_core.verb:set package 'my_launch' build argument 'cmake_target_skip_unavailable' from command line to 'False'
[0.428s] Level 5:colcon.colcon_core.verb:set package 'my_launch' build argument 'cmake_clean_cache' from command line to 'False'
[0.428s] Level 5:colcon.colcon_core.verb:set package 'my_launch' build argument 'cmake_clean_first' from command line to 'False'
[0.428s] Level 5:colcon.colcon_core.verb:set package 'my_launch' build argument 'cmake_force_configure' from command line to 'False'
[0.428s] Level 5:colcon.colcon_core.verb:set package 'my_launch' build argument 'ament_cmake_args' from command line to 'None'
[0.428s] Level 5:colcon.colcon_core.verb:set package 'my_launch' build argument 'catkin_cmake_args' from command line to 'None'
[0.428s] Level 5:colcon.colcon_core.verb:set package 'my_launch' build argument 'catkin_skip_building_tests' from command line to 'False'
[0.428s] DEBUG:colcon.colcon_core.verb:Building package 'my_launch' with the following arguments: {'ament_cmake_args': None, 'build_base': '/home/smaran/ros2_sem4/build/my_launch', 'catkin_cmake_args': None, 'catkin_skip_building_tests': False, 'cmake_args': None, 'cmake_clean_cache': False, 'cmake_clean_first': False, 'cmake_force_configure': False, 'cmake_target': None, 'cmake_target_skip_unavailable': False, 'install_base': '/home/smaran/ros2_sem4/install/my_launch', 'merge_install': False, 'path': '/home/smaran/ros2_sem4/src/my_launch', 'symlink_install': True, 'test_result_base': None}
[0.428s] Level 5:colcon.colcon_core.verb:set package 'my_pkg_01' build argument 'cmake_args' from command line to 'None'
[0.428s] Level 5:colcon.colcon_core.verb:set package 'my_pkg_01' build argument 'cmake_target' from command line to 'None'
[0.428s] Level 5:colcon.colcon_core.verb:set package 'my_pkg_01' build argument 'cmake_target_skip_unavailable' from command line to 'False'
[0.428s] Level 5:colcon.colcon_core.verb:set package 'my_pkg_01' build argument 'cmake_clean_cache' from command line to 'False'
[0.428s] Level 5:colcon.colcon_core.verb:set package 'my_pkg_01' build argument 'cmake_clean_first' from command line to 'False'
[0.428s] Level 5:colcon.colcon_core.verb:set package 'my_pkg_01' build argument 'cmake_force_configure' from command line to 'False'
[0.429s] Level 5:colcon.colcon_core.verb:set package 'my_pkg_01' build argument 'ament_cmake_args' from command line to 'None'
[0.429s] Level 5:colcon.colcon_core.verb:set package 'my_pkg_01' build argument 'catkin_cmake_args' from command line to 'None'
[0.429s] Level 5:colcon.colcon_core.verb:set package 'my_pkg_01' build argument 'catkin_skip_building_tests' from command line to 'False'
[0.429s] DEBUG:colcon.colcon_core.verb:Building package 'my_pkg_01' with the following arguments: {'ament_cmake_args': None, 'build_base': '/home/smaran/ros2_sem4/build/my_pkg_01', 'catkin_cmake_args': None, 'catkin_skip_building_tests': False, 'cmake_args': None, 'cmake_clean_cache': False, 'cmake_clean_first': False, 'cmake_force_configure': False, 'cmake_target': None, 'cmake_target_skip_unavailable': False, 'install_base': '/home/smaran/ros2_sem4/install/my_pkg_01', 'merge_install': False, 'path': '/home/smaran/ros2_sem4/src/my_pkg_01', 'symlink_install': True, 'test_result_base': None}
[0.429s] Level 5:colcon.colcon_core.verb:set package 'my_srv' build argument 'cmake_args' from command line to 'None'
[0.429s] Level 5:colcon.colcon_core.verb:set package 'my_srv' build argument 'cmake_target' from command line to 'None'
[0.429s] Level 5:colcon.colcon_core.verb:set package 'my_srv' build argument 'cmake_target_skip_unavailable' from command line to 'False'
[0.429s] Level 5:colcon.colcon_core.verb:set package 'my_srv' build argument 'cmake_clean_cache' from command line to 'False'
[0.429s] Level 5:colcon.colcon_core.verb:set package 'my_srv' build argument 'cmake_clean_first' from command line to 'False'
[0.429s] Level 5:colcon.colcon_core.verb:set package 'my_srv' build argument 'cmake_force_configure' from command line to 'False'
[0.429s] Level 5:colcon.colcon_core.verb:set package 'my_srv' build argument 'ament_cmake_args' from command line to 'None'
[0.429s] Level 5:colcon.colcon_core.verb:set package 'my_srv' build argument 'catkin_cmake_args' from command line to 'None'
[0.429s] Level 5:colcon.colcon_core.verb:set package 'my_srv' build argument 'catkin_skip_building_tests' from command line to 'False'
[0.429s] DEBUG:colcon.colcon_core.verb:Building package 'my_srv' with the following arguments: {'ament_cmake_args': None, 'build_base': '/home/smaran/ros2_sem4/build/my_srv', 'catkin_cmake_args': None, 'catkin_skip_building_tests': False, 'cmake_args': None, 'cmake_clean_cache': False, 'cmake_clean_first': False, 'cmake_force_configure': False, 'cmake_target': None, 'cmake_target_skip_unavailable': False, 'install_base': '/home/smaran/ros2_sem4/install/my_srv', 'merge_install': False, 'path': '/home/smaran/ros2_sem4/src/my_srv', 'symlink_install': True, 'test_result_base': None}
[0.429s] INFO:colcon.colcon_core.executor:Executing jobs using 'parallel' executor
[0.430s] DEBUG:colcon.colcon_parallel_executor.executor.parallel:run_until_complete
[0.430s] INFO:colcon.colcon_ros.task.ament_python.build:Building ROS package in '/home/smaran/ros2_sem4/src/mobile_robot' with build type 'ament_python'
[0.430s] Level 1:colcon.colcon_core.shell:create_environment_hook('mobile_robot', 'ament_prefix_path')
[0.433s] INFO:colcon.colcon_core.plugin_system:Skipping extension 'colcon_core.shell.bat': Not used on non-Windows systems
[0.433s] INFO:colcon.colcon_core.shell:Creating environment hook '/home/smaran/ros2_sem4/install/mobile_robot/share/mobile_robot/hook/ament_prefix_path.ps1'
[0.433s] INFO:colcon.colcon_core.shell:Creating environment descriptor '/home/smaran/ros2_sem4/install/mobile_robot/share/mobile_robot/hook/ament_prefix_path.dsv'
[0.434s] INFO:colcon.colcon_core.shell:Creating environment hook '/home/smaran/ros2_sem4/install/mobile_robot/share/mobile_robot/hook/ament_prefix_path.sh'
[0.435s] INFO:colcon.colcon_core.shell:Skip shell extension 'powershell' for command environment: Not usable outside of PowerShell
[0.435s] DEBUG:colcon.colcon_core.shell:Skip shell extension 'dsv' for command environment
[0.438s] INFO:colcon.colcon_ros.task.ament_cmake.build:Building ROS package in '/home/smaran/ros2_sem4/src/my_launch' with build type 'ament_cmake'
[0.438s] INFO:colcon.colcon_cmake.task.cmake.build:Building CMake package in '/home/smaran/ros2_sem4/src/my_launch'
[0.439s] INFO:colcon.colcon_core.shell:Skip shell extension 'powershell' for command environment: Not usable outside of PowerShell
[0.439s] DEBUG:colcon.colcon_core.shell:Skip shell extension 'dsv' for command environment
[0.442s] INFO:colcon.colcon_ros.task.ament_python.build:Building ROS package in '/home/smaran/ros2_sem4/src/my_pkg_01' with build type 'ament_python'
[0.442s] Level 1:colcon.colcon_core.shell:create_environment_hook('my_pkg_01', 'ament_prefix_path')
[0.443s] INFO:colcon.colcon_core.shell:Creating environment hook '/home/smaran/ros2_sem4/install/my_pkg_01/share/my_pkg_01/hook/ament_prefix_path.ps1'
[0.443s] INFO:colcon.colcon_core.shell:Creating environment descriptor '/home/smaran/ros2_sem4/install/my_pkg_01/share/my_pkg_01/hook/ament_prefix_path.dsv'
[0.443s] INFO:colcon.colcon_core.shell:Creating environment hook '/home/smaran/ros2_sem4/install/my_pkg_01/share/my_pkg_01/hook/ament_prefix_path.sh'
[0.444s] INFO:colcon.colcon_core.shell:Skip shell extension 'powershell' for command environment: Not usable outside of PowerShell
[0.444s] DEBUG:colcon.colcon_core.shell:Skip shell extension 'dsv' for command environment
[0.447s] INFO:colcon.colcon_ros.task.ament_python.build:Building ROS package in '/home/smaran/ros2_sem4/src/my_srv' with build type 'ament_python'
[0.447s] Level 1:colcon.colcon_core.shell:create_environment_hook('my_srv', 'ament_prefix_path')
[0.448s] INFO:colcon.colcon_core.shell:Creating environment hook '/home/smaran/ros2_sem4/install/my_srv/share/my_srv/hook/ament_prefix_path.ps1'
[0.449s] INFO:colcon.colcon_core.shell:Creating environment descriptor '/home/smaran/ros2_sem4/install/my_srv/share/my_srv/hook/ament_prefix_path.dsv'
[0.450s] INFO:colcon.colcon_core.shell:Creating environment hook '/home/smaran/ros2_sem4/install/my_srv/share/my_srv/hook/ament_prefix_path.sh'
[0.451s] INFO:colcon.colcon_core.shell:Skip shell extension 'powershell' for command environment: Not usable outside of PowerShell
[0.451s] DEBUG:colcon.colcon_core.shell:Skip shell extension 'dsv' for command environment
[0.717s] INFO:colcon.colcon_core.task.python.build:Building Python package in '/home/smaran/ros2_sem4/src/mobile_robot'
[0.717s] INFO:colcon.colcon_core.shell:Skip shell extension 'powershell' for command environment: Not usable outside of PowerShell
[0.717s] DEBUG:colcon.colcon_core.shell:Skip shell extension 'dsv' for command environment
[0.725s] DEBUG:colcon.colcon_core.event_handler.log_command:Invoking command in '/home/smaran/ros2_sem4/build/my_launch': CMAKE_PREFIX_PATH=${CMAKE_PREFIX_PATH}:/home/smaran/ros2_sem4/install/my_srv:/home/smaran/ros2_sem4/install/my_pkg_01:/home/smaran/ros2_sem4/install/mobile_robot:/opt/ros/humble /usr/bin/cmake --build /home/smaran/ros2_sem4/build/my_launch -- -j8 -l8
[1.013s] INFO:colcon.colcon_core.task.python.build:Building Python package in '/home/smaran/ros2_sem4/src/my_pkg_01'
[1.014s] INFO:colcon.colcon_core.shell:Skip shell extension 'powershell' for command environment: Not usable outside of PowerShell
[1.014s] DEBUG:colcon.colcon_core.shell:Skip shell extension 'dsv' for command environment
[1.270s] INFO:colcon.colcon_core.task.python.build:Building Python package in '/home/smaran/ros2_sem4/src/my_srv'
[1.270s] INFO:colcon.colcon_core.shell:Skip shell extension 'powershell' for command environment: Not usable outside of PowerShell
[1.270s] DEBUG:colcon.colcon_core.shell:Skip shell extension 'dsv' for command environment
[1.274s] DEBUG:colcon.colcon_core.event_handler.log_command:Invoked command in '/home/smaran/ros2_sem4/build/my_launch' returned '0': CMAKE_PREFIX_PATH=${CMAKE_PREFIX_PATH}:/home/smaran/ros2_sem4/install/my_srv:/home/smaran/ros2_sem4/install/my_pkg_01:/home/smaran/ros2_sem4/install/mobile_robot:/opt/ros/humble /usr/bin/cmake --build /home/smaran/ros2_sem4/build/my_launch -- -j8 -l8
[1.300s] DEBUG:colcon.colcon_core.event_handler.log_command:Invoking command in '/home/smaran/ros2_sem4/build/my_launch': CMAKE_PREFIX_PATH=${CMAKE_PREFIX_PATH}:/home/smaran/ros2_sem4/install/my_srv:/home/smaran/ros2_sem4/install/my_pkg_01:/home/smaran/ros2_sem4/install/mobile_robot:/opt/ros/humble /usr/bin/cmake --install /home/smaran/ros2_sem4/build/my_launch
[1.320s] Level 1:colcon.colcon_core.environment:create_environment_scripts_only(my_launch)
[1.321s] DEBUG:colcon.colcon_core.event_handler.log_command:Invoked command in '/home/smaran/ros2_sem4/build/my_launch' returned '0': CMAKE_PREFIX_PATH=${CMAKE_PREFIX_PATH}:/home/smaran/ros2_sem4/install/my_srv:/home/smaran/ros2_sem4/install/my_pkg_01:/home/smaran/ros2_sem4/install/mobile_robot:/opt/ros/humble /usr/bin/cmake --install /home/smaran/ros2_sem4/build/my_launch
[1.324s] Level 1:colcon.colcon_core.environment:checking '/home/smaran/ros2_sem4/install/my_launch' for CMake module files
[1.324s] Level 1:colcon.colcon_core.environment:checking '/home/smaran/ros2_sem4/install/my_launch' for CMake config files
[1.325s] Level 1:colcon.colcon_core.shell:create_environment_hook('my_launch', 'cmake_prefix_path')
[1.325s] INFO:colcon.colcon_core.shell:Creating environment hook '/home/smaran/ros2_sem4/install/my_launch/share/my_launch/hook/cmake_prefix_path.ps1'
[1.326s] INFO:colcon.colcon_core.shell:Creating environment descriptor '/home/smaran/ros2_sem4/install/my_launch/share/my_launch/hook/cmake_prefix_path.dsv'
[1.326s] INFO:colcon.colcon_core.shell:Creating environment hook '/home/smaran/ros2_sem4/install/my_launch/share/my_launch/hook/cmake_prefix_path.sh'
[1.327s] Level 1:colcon.colcon_core.environment:checking '/home/smaran/ros2_sem4/install/my_launch/bin'
[1.327s] Level 1:colcon.colcon_core.environment:checking '/home/smaran/ros2_sem4/install/my_launch/lib/pkgconfig/my_launch.pc'
[1.328s] Level 1:colcon.colcon_core.environment:checking '/home/smaran/ros2_sem4/install/my_launch/lib/python3.10/site-packages'
[1.328s] Level 1:colcon.colcon_core.environment:checking '/home/smaran/ros2_sem4/install/my_launch/bin'
[1.328s] INFO:colcon.colcon_core.shell:Creating package script '/home/smaran/ros2_sem4/install/my_launch/share/my_launch/package.ps1'
[1.330s] INFO:colcon.colcon_core.shell:Creating package descriptor '/home/smaran/ros2_sem4/install/my_launch/share/my_launch/package.dsv'
[1.331s] INFO:colcon.colcon_core.shell:Creating package script '/home/smaran/ros2_sem4/install/my_launch/share/my_launch/package.sh'
[1.332s] INFO:colcon.colcon_core.shell:Creating package script '/home/smaran/ros2_sem4/install/my_launch/share/my_launch/package.bash'
[1.333s] INFO:colcon.colcon_core.shell:Creating package script '/home/smaran/ros2_sem4/install/my_launch/share/my_launch/package.zsh'
[1.334s] Level 1:colcon.colcon_core.environment:create_file_with_runtime_dependencies(/home/smaran/ros2_sem4/install/my_launch/share/colcon-core/packages/my_launch)
[1.354s] Level 1:colcon.colcon_core.environment:create_environment_scripts_only(my_launch)
[1.354s] Level 1:colcon.colcon_core.environment:checking '/home/smaran/ros2_sem4/install/my_launch' for CMake module files
[1.355s] Level 1:colcon.colcon_core.environment:checking '/home/smaran/ros2_sem4/install/my_launch' for CMake config files
[1.355s] Level 1:colcon.colcon_core.shell:create_environment_hook('my_launch', 'cmake_prefix_path')
[1.356s] INFO:colcon.colcon_core.shell:Creating environment hook '/home/smaran/ros2_sem4/install/my_launch/share/my_launch/hook/cmake_prefix_path.ps1'
[1.356s] INFO:colcon.colcon_core.shell:Creating environment descriptor '/home/smaran/ros2_sem4/install/my_launch/share/my_launch/hook/cmake_prefix_path.dsv'
[1.357s] INFO:colcon.colcon_core.shell:Creating environment hook '/home/smaran/ros2_sem4/install/my_launch/share/my_launch/hook/cmake_prefix_path.sh'
[1.357s] Level 1:colcon.colcon_core.environment:checking '/home/smaran/ros2_sem4/install/my_launch/bin'
[1.357s] Level 1:colcon.colcon_core.environment:checking '/home/smaran/ros2_sem4/install/my_launch/lib/pkgconfig/my_launch.pc'
[1.358s] Level 1:colcon.colcon_core.environment:checking '/home/smaran/ros2_sem4/install/my_launch/lib/python3.10/site-packages'
[1.358s] Level 1:colcon.colcon_core.environment:checking '/home/smaran/ros2_sem4/install/my_launch/bin'
[1.358s] INFO:colcon.colcon_core.shell:Creating package script '/home/smaran/ros2_sem4/install/my_launch/share/my_launch/package.ps1'
[1.359s] INFO:colcon.colcon_core.shell:Creating package descriptor '/home/smaran/ros2_sem4/install/my_launch/share/my_launch/package.dsv'
[1.360s] INFO:colcon.colcon_core.shell:Creating package script '/home/smaran/ros2_sem4/install/my_launch/share/my_launch/package.sh'
[1.360s] INFO:colcon.colcon_core.shell:Creating package script '/home/smaran/ros2_sem4/install/my_launch/share/my_launch/package.bash'
[1.361s] INFO:colcon.colcon_core.shell:Creating package script '/home/smaran/ros2_sem4/install/my_launch/share/my_launch/package.zsh'
[1.361s] Level 1:colcon.colcon_core.environment:create_file_with_runtime_dependencies(/home/smaran/ros2_sem4/install/my_launch/share/colcon-core/packages/my_launch)
[1.761s] DEBUG:colcon.colcon_core.event_handler.log_command:Invoking command in '/home/smaran/ros2_sem4/build/my_srv': PYTHONPATH=/home/smaran/ros2_sem4/build/my_srv/prefix_override:/home/smaran/ros2_sem4/install/my_srv/lib/python3.10/site-packages:${PYTHONPATH} /usr/bin/python3 -W ignore:setup.py install is deprecated setup.py develop --editable --build-directory /home/smaran/ros2_sem4/build/my_srv/build --no-deps symlink_data
[1.773s] DEBUG:colcon.colcon_core.event_handler.log_command:Invoking command in '/home/smaran/ros2_sem4/build/mobile_robot': PYTHONPATH=/home/smaran/ros2_sem4/build/mobile_robot/prefix_override:/home/smaran/ros2_sem4/install/mobile_robot/lib/python3.10/site-packages:${PYTHONPATH} /usr/bin/python3 -W ignore:setup.py install is deprecated setup.py develop --editable --build-directory /home/smaran/ros2_sem4/build/mobile_robot/build --no-deps symlink_data
[1.777s] DEBUG:colcon.colcon_core.event_handler.log_command:Invoking command in '/home/smaran/ros2_sem4/build/my_pkg_01': PYTHONPATH=/home/smaran/ros2_sem4/build/my_pkg_01/prefix_override:/home/smaran/ros2_sem4/install/my_pkg_01/lib/python3.10/site-packages:${PYTHONPATH} /usr/bin/python3 -W ignore:setup.py install is deprecated setup.py develop --editable --build-directory /home/smaran/ros2_sem4/build/my_pkg_01/build --no-deps symlink_data
[2.368s] Level 1:colcon.colcon_core.shell:create_environment_hook('my_pkg_01', 'pythonpath_develop')
[2.369s] INFO:colcon.colcon_core.shell:Creating environment hook '/home/smaran/ros2_sem4/build/my_pkg_01/share/my_pkg_01/hook/pythonpath_develop.ps1'
[2.369s] DEBUG:colcon.colcon_core.event_handler.log_command:Invoked command in '/home/smaran/ros2_sem4/build/my_pkg_01' returned '0': PYTHONPATH=/home/smaran/ros2_sem4/build/my_pkg_01/prefix_override:/home/smaran/ros2_sem4/install/my_pkg_01/lib/python3.10/site-packages:${PYTHONPATH} /usr/bin/python3 -W ignore:setup.py install is deprecated setup.py develop --editable --build-directory /home/smaran/ros2_sem4/build/my_pkg_01/build --no-deps symlink_data
[2.370s] INFO:colcon.colcon_core.shell:Creating environment descriptor '/home/smaran/ros2_sem4/build/my_pkg_01/share/my_pkg_01/hook/pythonpath_develop.dsv'
[2.370s] INFO:colcon.colcon_core.shell:Creating environment hook '/home/smaran/ros2_sem4/build/my_pkg_01/share/my_pkg_01/hook/pythonpath_develop.sh'
[2.371s] Level 1:colcon.colcon_core.environment:checking '/home/smaran/ros2_sem4/install/my_pkg_01' for CMake module files
[2.371s] Level 1:colcon.colcon_core.environment:checking '/home/smaran/ros2_sem4/install/my_pkg_01' for CMake config files
[2.372s] Level 1:colcon.colcon_core.environment:checking '/home/smaran/ros2_sem4/install/my_pkg_01/lib'
[2.372s] Level 1:colcon.colcon_core.environment:checking '/home/smaran/ros2_sem4/install/my_pkg_01/bin'
[2.372s] Level 1:colcon.colcon_core.environment:checking '/home/smaran/ros2_sem4/install/my_pkg_01/lib/pkgconfig/my_pkg_01.pc'
[2.372s] Level 1:colcon.colcon_core.environment:checking '/home/smaran/ros2_sem4/install/my_pkg_01/lib/python3.10/site-packages'
[2.373s] Level 1:colcon.colcon_core.shell:create_environment_hook('my_pkg_01', 'pythonpath')
[2.373s] INFO:colcon.colcon_core.shell:Creating environment hook '/home/smaran/ros2_sem4/install/my_pkg_01/share/my_pkg_01/hook/pythonpath.ps1'
[2.373s] INFO:colcon.colcon_core.shell:Creating environment descriptor '/home/smaran/ros2_sem4/install/my_pkg_01/share/my_pkg_01/hook/pythonpath.dsv'
[2.374s] INFO:colcon.colcon_core.shell:Creating environment hook '/home/smaran/ros2_sem4/install/my_pkg_01/share/my_pkg_01/hook/pythonpath.sh'
[2.375s] Level 1:colcon.colcon_core.environment:checking '/home/smaran/ros2_sem4/install/my_pkg_01/bin'
[2.375s] Level 1:colcon.colcon_core.environment:create_environment_scripts_only(my_pkg_01)
[2.375s] INFO:colcon.colcon_core.shell:Creating package script '/home/smaran/ros2_sem4/install/my_pkg_01/share/my_pkg_01/package.ps1'
[2.376s] INFO:colcon.colcon_core.shell:Creating package descriptor '/home/smaran/ros2_sem4/install/my_pkg_01/share/my_pkg_01/package.dsv'
[2.377s] INFO:colcon.colcon_core.shell:Creating package script '/home/smaran/ros2_sem4/install/my_pkg_01/share/my_pkg_01/package.sh'
[2.377s] INFO:colcon.colcon_core.shell:Creating package script '/home/smaran/ros2_sem4/install/my_pkg_01/share/my_pkg_01/package.bash'
[2.378s] INFO:colcon.colcon_core.shell:Creating package script '/home/smaran/ros2_sem4/install/my_pkg_01/share/my_pkg_01/package.zsh'
[2.378s] Level 1:colcon.colcon_core.environment:create_file_with_runtime_dependencies(/home/smaran/ros2_sem4/install/my_pkg_01/share/colcon-core/packages/my_pkg_01)
[2.388s] Level 1:colcon.colcon_core.shell:create_environment_hook('my_srv', 'pythonpath_develop')
[2.389s] INFO:colcon.colcon_core.shell:Creating environment hook '/home/smaran/ros2_sem4/build/my_srv/share/my_srv/hook/pythonpath_develop.ps1'
[2.390s] DEBUG:colcon.colcon_core.event_handler.log_command:Invoked command in '/home/smaran/ros2_sem4/build/my_srv' returned '0': PYTHONPATH=/home/smaran/ros2_sem4/build/my_srv/prefix_override:/home/smaran/ros2_sem4/install/my_srv/lib/python3.10/site-packages:${PYTHONPATH} /usr/bin/python3 -W ignore:setup.py install is deprecated setup.py develop --editable --build-directory /home/smaran/ros2_sem4/build/my_srv/build --no-deps symlink_data
[2.390s] INFO:colcon.colcon_core.shell:Creating environment descriptor '/home/smaran/ros2_sem4/build/my_srv/share/my_srv/hook/pythonpath_develop.dsv'
[2.391s] INFO:colcon.colcon_core.shell:Creating environment hook '/home/smaran/ros2_sem4/build/my_srv/share/my_srv/hook/pythonpath_develop.sh'
[2.392s] Level 1:colcon.colcon_core.environment:checking '/home/smaran/ros2_sem4/install/my_srv' for CMake module files
[2.393s] Level 1:colcon.colcon_core.environment:checking '/home/smaran/ros2_sem4/install/my_srv' for CMake config files
[2.393s] Level 1:colcon.colcon_core.environment:checking '/home/smaran/ros2_sem4/install/my_srv/lib'
[2.393s] Level 1:colcon.colcon_core.environment:checking '/home/smaran/ros2_sem4/install/my_srv/bin'
[2.393s] Level 1:colcon.colcon_core.environment:checking '/home/smaran/ros2_sem4/install/my_srv/lib/pkgconfig/my_srv.pc'
[2.394s] Level 1:colcon.colcon_core.environment:checking '/home/smaran/ros2_sem4/install/my_srv/lib/python3.10/site-packages'
[2.394s] Level 1:colcon.colcon_core.shell:create_environment_hook('my_srv', 'pythonpath')
[2.394s] INFO:colcon.colcon_core.shell:Creating environment hook '/home/smaran/ros2_sem4/install/my_srv/share/my_srv/hook/pythonpath.ps1'
[2.395s] INFO:colcon.colcon_core.shell:Creating environment descriptor '/home/smaran/ros2_sem4/install/my_srv/share/my_srv/hook/pythonpath.dsv'
[2.395s] INFO:colcon.colcon_core.shell:Creating environment hook '/home/smaran/ros2_sem4/install/my_srv/share/my_srv/hook/pythonpath.sh'
[2.396s] Level 1:colcon.colcon_core.environment:checking '/home/smaran/ros2_sem4/install/my_srv/bin'
[2.397s] Level 1:colcon.colcon_core.environment:create_environment_scripts_only(my_srv)
[2.397s] INFO:colcon.colcon_core.shell:Creating package script '/home/smaran/ros2_sem4/install/my_srv/share/my_srv/package.ps1'
[2.398s] INFO:colcon.colcon_core.shell:Creating package descriptor '/home/smaran/ros2_sem4/install/my_srv/share/my_srv/package.dsv'
[2.398s] INFO:colcon.colcon_core.shell:Creating package script '/home/smaran/ros2_sem4/install/my_srv/share/my_srv/package.sh'
[2.399s] INFO:colcon.colcon_core.shell:Creating package script '/home/smaran/ros2_sem4/install/my_srv/share/my_srv/package.bash'
[2.399s] INFO:colcon.colcon_core.shell:Creating package script '/home/smaran/ros2_sem4/install/my_srv/share/my_srv/package.zsh'
[2.400s] Level 1:colcon.colcon_core.environment:create_file_with_runtime_dependencies(/home/smaran/ros2_sem4/install/my_srv/share/colcon-core/packages/my_srv)
[2.402s] Level 1:colcon.colcon_core.shell:create_environment_hook('mobile_robot', 'pythonpath_develop')
[2.402s] INFO:colcon.colcon_core.shell:Creating environment hook '/home/smaran/ros2_sem4/build/mobile_robot/share/mobile_robot/hook/pythonpath_develop.ps1'
[2.403s] DEBUG:colcon.colcon_core.event_handler.log_command:Invoked command in '/home/smaran/ros2_sem4/build/mobile_robot' returned '0': PYTHONPATH=/home/smaran/ros2_sem4/build/mobile_robot/prefix_override:/home/smaran/ros2_sem4/install/mobile_robot/lib/python3.10/site-packages:${PYTHONPATH} /usr/bin/python3 -W ignore:setup.py install is deprecated setup.py develop --editable --build-directory /home/smaran/ros2_sem4/build/mobile_robot/build --no-deps symlink_data
[2.404s] INFO:colcon.colcon_core.shell:Creating environment descriptor '/home/smaran/ros2_sem4/build/mobile_robot/share/mobile_robot/hook/pythonpath_develop.dsv'
[2.404s] INFO:colcon.colcon_core.shell:Creating environment hook '/home/smaran/ros2_sem4/build/mobile_robot/share/mobile_robot/hook/pythonpath_develop.sh'
[2.405s] Level 1:colcon.colcon_core.environment:checking '/home/smaran/ros2_sem4/install/mobile_robot' for CMake module files
[2.405s] Level 1:colcon.colcon_core.environment:checking '/home/smaran/ros2_sem4/install/mobile_robot' for CMake config files
[2.406s] Level 1:colcon.colcon_core.environment:checking '/home/smaran/ros2_sem4/install/mobile_robot/lib'
[2.406s] Level 1:colcon.colcon_core.environment:checking '/home/smaran/ros2_sem4/install/mobile_robot/bin'
[2.406s] Level 1:colcon.colcon_core.environment:checking '/home/smaran/ros2_sem4/install/mobile_robot/lib/pkgconfig/mobile_robot.pc'
[2.406s] Level 1:colcon.colcon_core.environment:checking '/home/smaran/ros2_sem4/install/mobile_robot/lib/python3.10/site-packages'
[2.406s] Level 1:colcon.colcon_core.shell:create_environment_hook('mobile_robot', 'pythonpath')
[2.407s] INFO:colcon.colcon_core.shell:Creating environment hook '/home/smaran/ros2_sem4/install/mobile_robot/share/mobile_robot/hook/pythonpath.ps1'
[2.407s] INFO:colcon.colcon_core.shell:Creating environment descriptor '/home/smaran/ros2_sem4/install/mobile_robot/share/mobile_robot/hook/pythonpath.dsv'
[2.407s] INFO:colcon.colcon_core.shell:Creating environment hook '/home/smaran/ros2_sem4/install/mobile_robot/share/mobile_robot/hook/pythonpath.sh'
[2.408s] Level 1:colcon.colcon_core.environment:checking '/home/smaran/ros2_sem4/install/mobile_robot/bin'
[2.408s] Level 1:colcon.colcon_core.environment:create_environment_scripts_only(mobile_robot)
[2.408s] INFO:colcon.colcon_core.shell:Creating package script '/home/smaran/ros2_sem4/install/mobile_robot/share/mobile_robot/package.ps1'
[2.409s] INFO:colcon.colcon_core.shell:Creating package descriptor '/home/smaran/ros2_sem4/install/mobile_robot/share/mobile_robot/package.dsv'
[2.409s] INFO:colcon.colcon_core.shell:Creating package script '/home/smaran/ros2_sem4/install/mobile_robot/share/mobile_robot/package.sh'
[2.409s] INFO:colcon.colcon_core.shell:Creating package script '/home/smaran/ros2_sem4/install/mobile_robot/share/mobile_robot/package.bash'
[2.410s] INFO:colcon.colcon_core.shell:Creating package script '/home/smaran/ros2_sem4/install/mobile_robot/share/mobile_robot/package.zsh'
[2.410s] Level 1:colcon.colcon_core.environment:create_file_with_runtime_dependencies(/home/smaran/ros2_sem4/install/mobile_robot/share/colcon-core/packages/mobile_robot)
[2.410s] DEBUG:colcon.colcon_parallel_executor.executor.parallel:closing loop
[2.411s] DEBUG:colcon.colcon_parallel_executor.executor.parallel:loop closed
[2.411s] DEBUG:colcon.colcon_parallel_executor.executor.parallel:run_until_complete finished with '0'
[2.411s] DEBUG:colcon.colcon_core.event_reactor:joining thread
[2.417s] INFO:colcon.colcon_core.plugin_system:Skipping extension 'colcon_notification.desktop_notification.terminal_notifier': Not used on non-Darwin systems
[2.417s] INFO:colcon.colcon_core.plugin_system:Skipping extension 'colcon_notification.desktop_notification.win32': Not used on non-Windows systems
[2.417s] INFO:colcon.colcon_notification.desktop_notification:Sending desktop notification using 'notify2'
[2.418s] DEBUG:colcon.colcon_notification.desktop_notification.notify2:Failed to initialize notify2: org.freedesktop.DBus.Error.ServiceUnknown: The name org.freedesktop.Notifications was not provided by any .service files
[2.418s] DEBUG:colcon.colcon_core.event_reactor:joined thread
[2.419s] INFO:colcon.colcon_core.shell:Creating prefix script '/home/smaran/ros2_sem4/install/local_setup.ps1'
[2.420s] INFO:colcon.colcon_core.shell:Creating prefix util module '/home/smaran/ros2_sem4/install/_local_setup_util_ps1.py'
[2.422s] INFO:colcon.colcon_core.shell:Creating prefix chain script '/home/smaran/ros2_sem4/install/setup.ps1'
[2.423s] INFO:colcon.colcon_core.shell:Creating prefix script '/home/smaran/ros2_sem4/install/local_setup.sh'
[2.423s] INFO:colcon.colcon_core.shell:Creating prefix util module '/home/smaran/ros2_sem4/install/_local_setup_util_sh.py'
[2.424s] INFO:colcon.colcon_core.shell:Creating prefix chain script '/home/smaran/ros2_sem4/install/setup.sh'
[2.425s] INFO:colcon.colcon_core.shell:Creating prefix script '/home/smaran/ros2_sem4/install/local_setup.bash'
[2.425s] INFO:colcon.colcon_core.shell:Creating prefix chain script '/home/smaran/ros2_sem4/install/setup.bash'
[2.428s] INFO:colcon.colcon_core.shell:Creating prefix script '/home/smaran/ros2_sem4/install/local_setup.zsh'
[2.429s] INFO:colcon.colcon_core.shell:Creating prefix chain script '/home/smaran/ros2_sem4/install/setup.zsh'
