[0.324s] DEBUG:colcon:Command line arguments: ['/usr/bin/colcon', 'build', '--symlink-install']
[0.324s] DEBUG:colcon:Parsed command line arguments: Namespace(log_base=None, log_level=None, verb_name='build', build_base='build', install_base='install', merge_install=False, symlink_install=True, test_result_base=None, continue_on_error=False, executor='parallel', parallel_workers=8, event_handlers=None, ignore_user_meta=False, metas=['./colcon.meta'], base_paths=['.'], packages_ignore=None, packages_ignore_regex=None, paths=None, packages_up_to=None, packages_up_to_regex=None, packages_above=None, packages_above_and_dependencies=None, packages_above_depth=None, packages_select_by_dep=None, packages_skip_by_dep=None, packages_skip_up_to=None, packages_select_build_failed=False, packages_skip_build_finished=False, packages_select_test_failures=False, packages_skip_test_passed=False, packages_select=None, packages_skip=None, packages_select_regex=None, packages_skip_regex=None, packages_start=None, packages_end=None, allow_overriding=[], cmake_args=None, cmake_target=None, cmake_target_skip_unavailable=False, cmake_clean_cache=False, cmake_clean_first=False, cmake_force_configure=False, ament_cmake_args=None, catkin_cmake_args=None, catkin_skip_building_tests=False, verb_parser=<colcon_defaults.argument_parser.defaults.DefaultArgumentsDecorator object at 0x7f1ce06cd630>, verb_extension=<colcon_core.verb.build.BuildVerb object at 0x7f1ce07ca1d0>, main=<bound method BuildVerb.main of <colcon_core.verb.build.BuildVerb object at 0x7f1ce07ca1d0>>)
[0.613s] Level 1:colcon.colcon_core.package_discovery:discover_packages(colcon_meta) check parameters
[0.613s] Level 1:colcon.colcon_core.package_discovery:discover_packages(recursive) check parameters
[0.613s] Level 1:colcon.colcon_core.package_discovery:discover_packages(ignore) check parameters
[0.614s] Level 1:colcon.colcon_core.package_discovery:discover_packages(path) check parameters
[0.614s] Level 1:colcon.colcon_core.package_discovery:discover_packages(colcon_meta) discover
[0.614s] Level 1:colcon.colcon_core.package_discovery:discover_packages(recursive) discover
[0.614s] INFO:colcon.colcon_core.package_discovery:Crawling recursively for packages in '/home/smaran/ros2_sem4'
[0.614s] Level 1:colcon.colcon_core.package_identification:_identify(.) by extensions ['ignore', 'ignore_ament_install']
[0.614s] Level 1:colcon.colcon_core.package_identification:_identify(.) by extension 'ignore'
[0.614s] Level 1:colcon.colcon_core.package_identification:_identify(.) by extension 'ignore_ament_install'
[0.614s] Level 1:colcon.colcon_core.package_identification:_identify(.) by extensions ['colcon_pkg']
[0.614s] Level 1:colcon.colcon_core.package_identification:_identify(.) by extension 'colcon_pkg'
[0.614s] Level 1:colcon.colcon_core.package_identification:_identify(.) by extensions ['colcon_meta']
[0.614s] Level 1:colcon.colcon_core.package_identification:_identify(.) by extension 'colcon_meta'
[0.614s] Level 1:colcon.colcon_core.package_identification:_identify(.) by extensions ['ros']
[0.614s] Level 1:colcon.colcon_core.package_identification:_identify(.) by extension 'ros'
[0.629s] Level 1:colcon.colcon_core.package_identification:_identify(.) by extensions ['cmake', 'python']
[0.629s] Level 1:colcon.colcon_core.package_identification:_identify(.) by extension 'cmake'
[0.629s] Level 1:colcon.colcon_core.package_identification:_identify(.) by extension 'python'
[0.629s] Level 1:colcon.colcon_core.package_identification:_identify(.) by extensions ['python_setup_py']
[0.629s] Level 1:colcon.colcon_core.package_identification:_identify(.) by extension 'python_setup_py'
[0.630s] Level 1:colcon.colcon_core.package_identification:_identify(build) by extensions ['ignore', 'ignore_ament_install']
[0.630s] Level 1:colcon.colcon_core.package_identification:_identify(build) by extension 'ignore'
[0.630s] Level 1:colcon.colcon_core.package_identification:_identify(build) ignored
[0.630s] Level 1:colcon.colcon_core.package_identification:_identify(install) by extensions ['ignore', 'ignore_ament_install']
[0.630s] Level 1:colcon.colcon_core.package_identification:_identify(install) by extension 'ignore'
[0.630s] Level 1:colcon.colcon_core.package_identification:_identify(install) ignored
[0.631s] Level 1:colcon.colcon_core.package_identification:_identify(log) by extensions ['ignore', 'ignore_ament_install']
[0.631s] Level 1:colcon.colcon_core.package_identification:_identify(log) by extension 'ignore'
[0.631s] Level 1:colcon.colcon_core.package_identification:_identify(log) ignored
[0.631s] Level 1:colcon.colcon_core.package_identification:_identify(src) by extensions ['ignore', 'ignore_ament_install']
[0.631s] Level 1:colcon.colcon_core.package_identification:_identify(src) by extension 'ignore'
[0.631s] Level 1:colcon.colcon_core.package_identification:_identify(src) by extension 'ignore_ament_install'
[0.631s] Level 1:colcon.colcon_core.package_identification:_identify(src) by extensions ['colcon_pkg']
[0.631s] Level 1:colcon.colcon_core.package_identification:_identify(src) by extension 'colcon_pkg'
[0.631s] Level 1:colcon.colcon_core.package_identification:_identify(src) by extensions ['colcon_meta']
[0.631s] Level 1:colcon.colcon_core.package_identification:_identify(src) by extension 'colcon_meta'
[0.632s] Level 1:colcon.colcon_core.package_identification:_identify(src) by extensions ['ros']
[0.632s] Level 1:colcon.colcon_core.package_identification:_identify(src) by extension 'ros'
[0.632s] Level 1:colcon.colcon_core.package_identification:_identify(src) by extensions ['cmake', 'python']
[0.632s] Level 1:colcon.colcon_core.package_identification:_identify(src) by extension 'cmake'
[0.632s] Level 1:colcon.colcon_core.package_identification:_identify(src) by extension 'python'
[0.632s] Level 1:colcon.colcon_core.package_identification:_identify(src) by extensions ['python_setup_py']
[0.632s] Level 1:colcon.colcon_core.package_identification:_identify(src) by extension 'python_setup_py'
[0.632s] Level 1:colcon.colcon_core.package_identification:_identify(src/mobile_robot) by extensions ['ignore', 'ignore_ament_install']
[0.632s] Level 1:colcon.colcon_core.package_identification:_identify(src/mobile_robot) by extension 'ignore'
[0.632s] Level 1:colcon.colcon_core.package_identification:_identify(src/mobile_robot) by extension 'ignore_ament_install'
[0.632s] Level 1:colcon.colcon_core.package_identification:_identify(src/mobile_robot) by extensions ['colcon_pkg']
[0.633s] Level 1:colcon.colcon_core.package_identification:_identify(src/mobile_robot) by extension 'colcon_pkg'
[0.633s] Level 1:colcon.colcon_core.package_identification:_identify(src/mobile_robot) by extensions ['colcon_meta']
[0.633s] Level 1:colcon.colcon_core.package_identification:_identify(src/mobile_robot) by extension 'colcon_meta'
[0.633s] Level 1:colcon.colcon_core.package_identification:_identify(src/mobile_robot) by extensions ['ros']
[0.633s] Level 1:colcon.colcon_core.package_identification:_identify(src/mobile_robot) by extension 'ros'
[0.647s] DEBUG:colcon.colcon_core.package_identification:Package 'src/mobile_robot' with type 'ros.ament_python' and name 'mobile_robot'
[0.647s] Level 1:colcon.colcon_core.package_identification:_identify(src/my_launch) by extensions ['ignore', 'ignore_ament_install']
[0.648s] Level 1:colcon.colcon_core.package_identification:_identify(src/my_launch) by extension 'ignore'
[0.648s] Level 1:colcon.colcon_core.package_identification:_identify(src/my_launch) by extension 'ignore_ament_install'
[0.648s] Level 1:colcon.colcon_core.package_identification:_identify(src/my_launch) by extensions ['colcon_pkg']
[0.648s] Level 1:colcon.colcon_core.package_identification:_identify(src/my_launch) by extension 'colcon_pkg'
[0.648s] Level 1:colcon.colcon_core.package_identification:_identify(src/my_launch) by extensions ['colcon_meta']
[0.648s] Level 1:colcon.colcon_core.package_identification:_identify(src/my_launch) by extension 'colcon_meta'
[0.648s] Level 1:colcon.colcon_core.package_identification:_identify(src/my_launch) by extensions ['ros']
[0.648s] Level 1:colcon.colcon_core.package_identification:_identify(src/my_launch) by extension 'ros'
[0.649s] DEBUG:colcon.colcon_core.package_identification:Package 'src/my_launch' with type 'ros.ament_cmake' and name 'my_launch'
[0.649s] Level 1:colcon.colcon_core.package_identification:_identify(src/my_pkg_01) by extensions ['ignore', 'ignore_ament_install']
[0.649s] Level 1:colcon.colcon_core.package_identification:_identify(src/my_pkg_01) by extension 'ignore'
[0.649s] Level 1:colcon.colcon_core.package_identification:_identify(src/my_pkg_01) by extension 'ignore_ament_install'
[0.649s] Level 1:colcon.colcon_core.package_identification:_identify(src/my_pkg_01) by extensions ['colcon_pkg']
[0.649s] Level 1:colcon.colcon_core.package_identification:_identify(src/my_pkg_01) by extension 'colcon_pkg'
[0.650s] Level 1:colcon.colcon_core.package_identification:_identify(src/my_pkg_01) by extensions ['colcon_meta']
[0.650s] Level 1:colcon.colcon_core.package_identification:_identify(src/my_pkg_01) by extension 'colcon_meta'
[0.650s] Level 1:colcon.colcon_core.package_identification:_identify(src/my_pkg_01) by extensions ['ros']
[0.650s] Level 1:colcon.colcon_core.package_identification:_identify(src/my_pkg_01) by extension 'ros'
[0.651s] DEBUG:colcon.colcon_core.package_identification:Package 'src/my_pkg_01' with type 'ros.ament_python' and name 'my_pkg_01'
[0.651s] Level 1:colcon.colcon_core.package_identification:_identify(src/my_srv) by extensions ['ignore', 'ignore_ament_install']
[0.651s] Level 1:colcon.colcon_core.package_identification:_identify(src/my_srv) by extension 'ignore'
[0.651s] Level 1:colcon.colcon_core.package_identification:_identify(src/my_srv) by extension 'ignore_ament_install'
[0.651s] Level 1:colcon.colcon_core.package_identification:_identify(src/my_srv) by extensions ['colcon_pkg']
[0.651s] Level 1:colcon.colcon_core.package_identification:_identify(src/my_srv) by extension 'colcon_pkg'
[0.652s] Level 1:colcon.colcon_core.package_identification:_identify(src/my_srv) by extensions ['colcon_meta']
[0.652s] Level 1:colcon.colcon_core.package_identification:_identify(src/my_srv) by extension 'colcon_meta'
[0.652s] Level 1:colcon.colcon_core.package_identification:_identify(src/my_srv) by extensions ['ros']
[0.652s] Level 1:colcon.colcon_core.package_identification:_identify(src/my_srv) by extension 'ros'
[0.653s] DEBUG:colcon.colcon_core.package_identification:Package 'src/my_srv' with type 'ros.ament_python' and name 'my_srv'
[0.653s] Level 1:colcon.colcon_core.package_discovery:discover_packages(recursive) using defaults
[0.653s] Level 1:colcon.colcon_core.package_discovery:discover_packages(ignore) discover
[0.653s] Level 1:colcon.colcon_core.package_discovery:discover_packages(ignore) using defaults
[0.653s] Level 1:colcon.colcon_core.package_discovery:discover_packages(path) discover
[0.653s] Level 1:colcon.colcon_core.package_discovery:discover_packages(path) using defaults
[0.681s] Level 1:colcon.colcon_core.package_discovery:discover_packages(prefix_path) check parameters
[0.681s] Level 1:colcon.colcon_core.package_discovery:discover_packages(prefix_path) discover
[0.684s] DEBUG:colcon.colcon_installed_package_information.package_discovery:Found 323 installed packages in /opt/ros/humble
[0.686s] Level 1:colcon.colcon_core.package_discovery:discover_packages(prefix_path) using defaults
[0.736s] Level 5:colcon.colcon_core.verb:set package 'mobile_robot' build argument 'cmake_args' from command line to 'None'
[0.737s] Level 5:colcon.colcon_core.verb:set package 'mobile_robot' build argument 'cmake_target' from command line to 'None'
[0.737s] Level 5:colcon.colcon_core.verb:set package 'mobile_robot' build argument 'cmake_target_skip_unavailable' from command line to 'False'
[0.737s] Level 5:colcon.colcon_core.verb:set package 'mobile_robot' build argument 'cmake_clean_cache' from command line to 'False'
[0.737s] Level 5:colcon.colcon_core.verb:set package 'mobile_robot' build argument 'cmake_clean_first' from command line to 'False'
[0.737s] Level 5:colcon.colcon_core.verb:set package 'mobile_robot' build argument 'cmake_force_configure' from command line to 'False'
[0.737s] Level 5:colcon.colcon_core.verb:set package 'mobile_robot' build argument 'ament_cmake_args' from command line to 'None'
[0.737s] Level 5:colcon.colcon_core.verb:set package 'mobile_robot' build argument 'catkin_cmake_args' from command line to 'None'
[0.737s] Level 5:colcon.colcon_core.verb:set package 'mobile_robot' build argument 'catkin_skip_building_tests' from command line to 'False'
[0.737s] DEBUG:colcon.colcon_core.verb:Building package 'mobile_robot' with the following arguments: {'ament_cmake_args': None, 'build_base': '/home/smaran/ros2_sem4/build/mobile_robot', 'catkin_cmake_args': None, 'catkin_skip_building_tests': False, 'cmake_args': None, 'cmake_clean_cache': False, 'cmake_clean_first': False, 'cmake_force_configure': False, 'cmake_target': None, 'cmake_target_skip_unavailable': False, 'install_base': '/home/smaran/ros2_sem4/install/mobile_robot', 'merge_install': False, 'path': '/home/smaran/ros2_sem4/src/mobile_robot', 'symlink_install': True, 'test_result_base': None}
[0.737s] Level 5:colcon.colcon_core.verb:set package 'my_launch' build argument 'cmake_args' from command line to 'None'
[0.738s] Level 5:colcon.colcon_core.verb:set package 'my_launch' build argument 'cmake_target' from command line to 'None'
[0.738s] Level 5:colcon.colcon_core.verb:set package 'my_launch' build argument 'cmake_target_skip_unavailable' from command line to 'False'
[0.738s] Level 5:colcon.colcon_core.verb:set package 'my_launch' build argument 'cmake_clean_cache' from command line to 'False'
[0.738s] Level 5:colcon.colcon_core.verb:set package 'my_launch' build argument 'cmake_clean_first' from command line to 'False'
[0.738s] Level 5:colcon.colcon_core.verb:set package 'my_launch' build argument 'cmake_force_configure' from command line to 'False'
[0.738s] Level 5:colcon.colcon_core.verb:set package 'my_launch' build argument 'ament_cmake_args' from command line to 'None'
[0.738s] Level 5:colcon.colcon_core.verb:set package 'my_launch' build argument 'catkin_cmake_args' from command line to 'None'
[0.738s] Level 5:colcon.colcon_core.verb:set package 'my_launch' build argument 'catkin_skip_building_tests' from command line to 'False'
[0.738s] DEBUG:colcon.colcon_core.verb:Building package 'my_launch' with the following arguments: {'ament_cmake_args': None, 'build_base': '/home/smaran/ros2_sem4/build/my_launch', 'catkin_cmake_args': None, 'catkin_skip_building_tests': False, 'cmake_args': None, 'cmake_clean_cache': False, 'cmake_clean_first': False, 'cmake_force_configure': False, 'cmake_target': None, 'cmake_target_skip_unavailable': False, 'install_base': '/home/smaran/ros2_sem4/install/my_launch', 'merge_install': False, 'path': '/home/smaran/ros2_sem4/src/my_launch', 'symlink_install': True, 'test_result_base': None}
[0.738s] Level 5:colcon.colcon_core.verb:set package 'my_pkg_01' build argument 'cmake_args' from command line to 'None'
[0.738s] Level 5:colcon.colcon_core.verb:set package 'my_pkg_01' build argument 'cmake_target' from command line to 'None'
[0.739s] Level 5:colcon.colcon_core.verb:set package 'my_pkg_01' build argument 'cmake_target_skip_unavailable' from command line to 'False'
[0.739s] Level 5:colcon.colcon_core.verb:set package 'my_pkg_01' build argument 'cmake_clean_cache' from command line to 'False'
[0.739s] Level 5:colcon.colcon_core.verb:set package 'my_pkg_01' build argument 'cmake_clean_first' from command line to 'False'
[0.739s] Level 5:colcon.colcon_core.verb:set package 'my_pkg_01' build argument 'cmake_force_configure' from command line to 'False'
[0.739s] Level 5:colcon.colcon_core.verb:set package 'my_pkg_01' build argument 'ament_cmake_args' from command line to 'None'
[0.739s] Level 5:colcon.colcon_core.verb:set package 'my_pkg_01' build argument 'catkin_cmake_args' from command line to 'None'
[0.739s] Level 5:colcon.colcon_core.verb:set package 'my_pkg_01' build argument 'catkin_skip_building_tests' from command line to 'False'
[0.739s] DEBUG:colcon.colcon_core.verb:Building package 'my_pkg_01' with the following arguments: {'ament_cmake_args': None, 'build_base': '/home/smaran/ros2_sem4/build/my_pkg_01', 'catkin_cmake_args': None, 'catkin_skip_building_tests': False, 'cmake_args': None, 'cmake_clean_cache': False, 'cmake_clean_first': False, 'cmake_force_configure': False, 'cmake_target': None, 'cmake_target_skip_unavailable': False, 'install_base': '/home/smaran/ros2_sem4/install/my_pkg_01', 'merge_install': False, 'path': '/home/smaran/ros2_sem4/src/my_pkg_01', 'symlink_install': True, 'test_result_base': None}
[0.739s] Level 5:colcon.colcon_core.verb:set package 'my_srv' build argument 'cmake_args' from command line to 'None'
[0.739s] Level 5:colcon.colcon_core.verb:set package 'my_srv' build argument 'cmake_target' from command line to 'None'
[0.739s] Level 5:colcon.colcon_core.verb:set package 'my_srv' build argument 'cmake_target_skip_unavailable' from command line to 'False'
[0.739s] Level 5:colcon.colcon_core.verb:set package 'my_srv' build argument 'cmake_clean_cache' from command line to 'False'
[0.739s] Level 5:colcon.colcon_core.verb:set package 'my_srv' build argument 'cmake_clean_first' from command line to 'False'
[0.740s] Level 5:colcon.colcon_core.verb:set package 'my_srv' build argument 'cmake_force_configure' from command line to 'False'
[0.740s] Level 5:colcon.colcon_core.verb:set package 'my_srv' build argument 'ament_cmake_args' from command line to 'None'
[0.740s] Level 5:colcon.colcon_core.verb:set package 'my_srv' build argument 'catkin_cmake_args' from command line to 'None'
[0.740s] Level 5:colcon.colcon_core.verb:set package 'my_srv' build argument 'catkin_skip_building_tests' from command line to 'False'
[0.740s] DEBUG:colcon.colcon_core.verb:Building package 'my_srv' with the following arguments: {'ament_cmake_args': None, 'build_base': '/home/smaran/ros2_sem4/build/my_srv', 'catkin_cmake_args': None, 'catkin_skip_building_tests': False, 'cmake_args': None, 'cmake_clean_cache': False, 'cmake_clean_first': False, 'cmake_force_configure': False, 'cmake_target': None, 'cmake_target_skip_unavailable': False, 'install_base': '/home/smaran/ros2_sem4/install/my_srv', 'merge_install': False, 'path': '/home/smaran/ros2_sem4/src/my_srv', 'symlink_install': True, 'test_result_base': None}
[0.740s] INFO:colcon.colcon_core.executor:Executing jobs using 'parallel' executor
[0.742s] DEBUG:colcon.colcon_parallel_executor.executor.parallel:run_until_complete
[0.742s] INFO:colcon.colcon_ros.task.ament_python.build:Building ROS package in '/home/smaran/ros2_sem4/src/mobile_robot' with build type 'ament_python'
[0.742s] Level 1:colcon.colcon_core.shell:create_environment_hook('mobile_robot', 'ament_prefix_path')
[0.747s] INFO:colcon.colcon_core.plugin_system:Skipping extension 'colcon_core.shell.bat': Not used on non-Windows systems
[0.747s] INFO:colcon.colcon_core.shell:Creating environment hook '/home/smaran/ros2_sem4/install/mobile_robot/share/mobile_robot/hook/ament_prefix_path.ps1'
[0.748s] INFO:colcon.colcon_core.shell:Creating environment descriptor '/home/smaran/ros2_sem4/install/mobile_robot/share/mobile_robot/hook/ament_prefix_path.dsv'
[0.749s] INFO:colcon.colcon_core.shell:Creating environment hook '/home/smaran/ros2_sem4/install/mobile_robot/share/mobile_robot/hook/ament_prefix_path.sh'
[0.750s] INFO:colcon.colcon_core.shell:Skip shell extension 'powershell' for command environment: Not usable outside of PowerShell
[0.750s] DEBUG:colcon.colcon_core.shell:Skip shell extension 'dsv' for command environment
[0.754s] INFO:colcon.colcon_ros.task.ament_cmake.build:Building ROS package in '/home/smaran/ros2_sem4/src/my_launch' with build type 'ament_cmake'
[0.755s] INFO:colcon.colcon_cmake.task.cmake.build:Building CMake package in '/home/smaran/ros2_sem4/src/my_launch'
[0.756s] INFO:colcon.colcon_core.shell:Skip shell extension 'powershell' for command environment: Not usable outside of PowerShell
[0.756s] DEBUG:colcon.colcon_core.shell:Skip shell extension 'dsv' for command environment
[0.760s] INFO:colcon.colcon_ros.task.ament_python.build:Building ROS package in '/home/smaran/ros2_sem4/src/my_pkg_01' with build type 'ament_python'
[0.761s] Level 1:colcon.colcon_core.shell:create_environment_hook('my_pkg_01', 'ament_prefix_path')
[0.762s] INFO:colcon.colcon_core.shell:Creating environment hook '/home/smaran/ros2_sem4/install/my_pkg_01/share/my_pkg_01/hook/ament_prefix_path.ps1'
[0.763s] INFO:colcon.colcon_core.shell:Creating environment descriptor '/home/smaran/ros2_sem4/install/my_pkg_01/share/my_pkg_01/hook/ament_prefix_path.dsv'
[0.764s] INFO:colcon.colcon_core.shell:Creating environment hook '/home/smaran/ros2_sem4/install/my_pkg_01/share/my_pkg_01/hook/ament_prefix_path.sh'
[0.765s] INFO:colcon.colcon_core.shell:Skip shell extension 'powershell' for command environment: Not usable outside of PowerShell
[0.765s] DEBUG:colcon.colcon_core.shell:Skip shell extension 'dsv' for command environment
[0.770s] INFO:colcon.colcon_ros.task.ament_python.build:Building ROS package in '/home/smaran/ros2_sem4/src/my_srv' with build type 'ament_python'
[0.771s] Level 1:colcon.colcon_core.shell:create_environment_hook('my_srv', 'ament_prefix_path')
[0.771s] INFO:colcon.colcon_core.shell:Creating environment hook '/home/smaran/ros2_sem4/install/my_srv/share/my_srv/hook/ament_prefix_path.ps1'
[0.772s] INFO:colcon.colcon_core.shell:Creating environment descriptor '/home/smaran/ros2_sem4/install/my_srv/share/my_srv/hook/ament_prefix_path.dsv'
[0.773s] INFO:colcon.colcon_core.shell:Creating environment hook '/home/smaran/ros2_sem4/install/my_srv/share/my_srv/hook/ament_prefix_path.sh'
[0.774s] INFO:colcon.colcon_core.shell:Skip shell extension 'powershell' for command environment: Not usable outside of PowerShell
[0.774s] DEBUG:colcon.colcon_core.shell:Skip shell extension 'dsv' for command environment
[1.308s] INFO:colcon.colcon_core.task.python.build:Building Python package in '/home/smaran/ros2_sem4/src/mobile_robot'
[1.309s] INFO:colcon.colcon_core.shell:Skip shell extension 'powershell' for command environment: Not usable outside of PowerShell
[1.309s] DEBUG:colcon.colcon_core.shell:Skip shell extension 'dsv' for command environment
[1.321s] DEBUG:colcon.colcon_core.event_handler.log_command:Invoking command in '/home/smaran/ros2_sem4/build/my_launch': CMAKE_PREFIX_PATH=/opt/ros/humble /usr/bin/cmake --build /home/smaran/ros2_sem4/build/my_launch -- -j8 -l8
[1.841s] INFO:colcon.colcon_core.task.python.build:Building Python package in '/home/smaran/ros2_sem4/src/my_pkg_01'
[1.841s] INFO:colcon.colcon_core.shell:Skip shell extension 'powershell' for command environment: Not usable outside of PowerShell
[1.842s] DEBUG:colcon.colcon_core.shell:Skip shell extension 'dsv' for command environment
[2.310s] INFO:colcon.colcon_core.task.python.build:Building Python package in '/home/smaran/ros2_sem4/src/my_srv'
[2.311s] INFO:colcon.colcon_core.shell:Skip shell extension 'powershell' for command environment: Not usable outside of PowerShell
[2.311s] DEBUG:colcon.colcon_core.shell:Skip shell extension 'dsv' for command environment
[2.324s] DEBUG:colcon.colcon_core.event_handler.log_command:Invoked command in '/home/smaran/ros2_sem4/build/my_launch' returned '0': CMAKE_PREFIX_PATH=/opt/ros/humble /usr/bin/cmake --build /home/smaran/ros2_sem4/build/my_launch -- -j8 -l8
[2.371s] DEBUG:colcon.colcon_core.event_handler.log_command:Invoking command in '/home/smaran/ros2_sem4/build/my_launch': CMAKE_PREFIX_PATH=/opt/ros/humble /usr/bin/cmake --install /home/smaran/ros2_sem4/build/my_launch
[2.419s] Level 1:colcon.colcon_core.environment:create_environment_scripts_only(my_launch)
[2.424s] Level 1:colcon.colcon_core.environment:checking '/home/smaran/ros2_sem4/install/my_launch' for CMake module files
[2.425s] Level 1:colcon.colcon_core.environment:checking '/home/smaran/ros2_sem4/install/my_launch' for CMake config files
[2.426s] Level 1:colcon.colcon_core.shell:create_environment_hook('my_launch', 'cmake_prefix_path')
[2.434s] INFO:colcon.colcon_core.shell:Creating environment hook '/home/smaran/ros2_sem4/install/my_launch/share/my_launch/hook/cmake_prefix_path.ps1'
[2.434s] DEBUG:colcon.colcon_core.event_handler.log_command:Invoked command in '/home/smaran/ros2_sem4/build/my_launch' returned '0': CMAKE_PREFIX_PATH=/opt/ros/humble /usr/bin/cmake --install /home/smaran/ros2_sem4/build/my_launch
[2.437s] INFO:colcon.colcon_core.shell:Creating environment descriptor '/home/smaran/ros2_sem4/install/my_launch/share/my_launch/hook/cmake_prefix_path.dsv'
[2.438s] INFO:colcon.colcon_core.shell:Creating environment hook '/home/smaran/ros2_sem4/install/my_launch/share/my_launch/hook/cmake_prefix_path.sh'
[2.439s] Level 1:colcon.colcon_core.environment:checking '/home/smaran/ros2_sem4/install/my_launch/bin'
[2.440s] Level 1:colcon.colcon_core.environment:checking '/home/smaran/ros2_sem4/install/my_launch/lib/pkgconfig/my_launch.pc'
[2.440s] Level 1:colcon.colcon_core.environment:checking '/home/smaran/ros2_sem4/install/my_launch/lib/python3.10/site-packages'
[2.441s] Level 1:colcon.colcon_core.environment:checking '/home/smaran/ros2_sem4/install/my_launch/bin'
[2.442s] INFO:colcon.colcon_core.shell:Creating package script '/home/smaran/ros2_sem4/install/my_launch/share/my_launch/package.ps1'
[2.444s] INFO:colcon.colcon_core.shell:Creating package descriptor '/home/smaran/ros2_sem4/install/my_launch/share/my_launch/package.dsv'
[2.445s] INFO:colcon.colcon_core.shell:Creating package script '/home/smaran/ros2_sem4/install/my_launch/share/my_launch/package.sh'
[2.457s] INFO:colcon.colcon_core.shell:Creating package script '/home/smaran/ros2_sem4/install/my_launch/share/my_launch/package.bash'
[2.460s] INFO:colcon.colcon_core.shell:Creating package script '/home/smaran/ros2_sem4/install/my_launch/share/my_launch/package.zsh'
[2.462s] Level 1:colcon.colcon_core.environment:create_file_with_runtime_dependencies(/home/smaran/ros2_sem4/install/my_launch/share/colcon-core/packages/my_launch)
[2.557s] Level 1:colcon.colcon_core.environment:create_environment_scripts_only(my_launch)
[2.558s] Level 1:colcon.colcon_core.environment:checking '/home/smaran/ros2_sem4/install/my_launch' for CMake module files
[2.559s] Level 1:colcon.colcon_core.environment:checking '/home/smaran/ros2_sem4/install/my_launch' for CMake config files
[2.561s] Level 1:colcon.colcon_core.shell:create_environment_hook('my_launch', 'cmake_prefix_path')
[2.561s] INFO:colcon.colcon_core.shell:Creating environment hook '/home/smaran/ros2_sem4/install/my_launch/share/my_launch/hook/cmake_prefix_path.ps1'
[2.562s] INFO:colcon.colcon_core.shell:Creating environment descriptor '/home/smaran/ros2_sem4/install/my_launch/share/my_launch/hook/cmake_prefix_path.dsv'
[2.563s] INFO:colcon.colcon_core.shell:Creating environment hook '/home/smaran/ros2_sem4/install/my_launch/share/my_launch/hook/cmake_prefix_path.sh'
[2.564s] Level 1:colcon.colcon_core.environment:checking '/home/smaran/ros2_sem4/install/my_launch/bin'
[2.564s] Level 1:colcon.colcon_core.environment:checking '/home/smaran/ros2_sem4/install/my_launch/lib/pkgconfig/my_launch.pc'
[2.567s] Level 1:colcon.colcon_core.environment:checking '/home/smaran/ros2_sem4/install/my_launch/lib/python3.10/site-packages'
[2.569s] Level 1:colcon.colcon_core.environment:checking '/home/smaran/ros2_sem4/install/my_launch/bin'
[2.570s] INFO:colcon.colcon_core.shell:Creating package script '/home/smaran/ros2_sem4/install/my_launch/share/my_launch/package.ps1'
[2.576s] INFO:colcon.colcon_core.shell:Creating package descriptor '/home/smaran/ros2_sem4/install/my_launch/share/my_launch/package.dsv'
[2.577s] INFO:colcon.colcon_core.shell:Creating package script '/home/smaran/ros2_sem4/install/my_launch/share/my_launch/package.sh'
[2.579s] INFO:colcon.colcon_core.shell:Creating package script '/home/smaran/ros2_sem4/install/my_launch/share/my_launch/package.bash'
[2.580s] INFO:colcon.colcon_core.shell:Creating package script '/home/smaran/ros2_sem4/install/my_launch/share/my_launch/package.zsh'
[2.581s] Level 1:colcon.colcon_core.environment:create_file_with_runtime_dependencies(/home/smaran/ros2_sem4/install/my_launch/share/colcon-core/packages/my_launch)
[3.255s] DEBUG:colcon.colcon_core.event_handler.log_command:Invoking command in '/home/smaran/ros2_sem4/build/mobile_robot': PYTHONPATH=/home/smaran/ros2_sem4/build/mobile_robot/prefix_override:/home/smaran/ros2_sem4/install/mobile_robot/lib/python3.10/site-packages:${PYTHONPATH} /usr/bin/python3 -W ignore:setup.py install is deprecated setup.py develop --editable --build-directory /home/smaran/ros2_sem4/build/mobile_robot/build --no-deps symlink_data
[3.273s] DEBUG:colcon.colcon_core.event_handler.log_command:Invoking command in '/home/smaran/ros2_sem4/build/my_pkg_01': PYTHONPATH=/home/smaran/ros2_sem4/build/my_pkg_01/prefix_override:/home/smaran/ros2_sem4/install/my_pkg_01/lib/python3.10/site-packages:${PYTHONPATH} /usr/bin/python3 -W ignore:setup.py install is deprecated setup.py develop --editable --build-directory /home/smaran/ros2_sem4/build/my_pkg_01/build --no-deps symlink_data
[3.286s] DEBUG:colcon.colcon_core.event_handler.log_command:Invoking command in '/home/smaran/ros2_sem4/build/my_srv': PYTHONPATH=/home/smaran/ros2_sem4/build/my_srv/prefix_override:/home/smaran/ros2_sem4/install/my_srv/lib/python3.10/site-packages:${PYTHONPATH} /usr/bin/python3 -W ignore:setup.py install is deprecated setup.py develop --editable --build-directory /home/smaran/ros2_sem4/build/my_srv/build --no-deps symlink_data
[4.364s] Level 1:colcon.colcon_core.shell:create_environment_hook('my_pkg_01', 'pythonpath_develop')
[4.365s] INFO:colcon.colcon_core.shell:Creating environment hook '/home/smaran/ros2_sem4/build/my_pkg_01/share/my_pkg_01/hook/pythonpath_develop.ps1'
[4.366s] DEBUG:colcon.colcon_core.event_handler.log_command:Invoked command in '/home/smaran/ros2_sem4/build/my_pkg_01' returned '0': PYTHONPATH=/home/smaran/ros2_sem4/build/my_pkg_01/prefix_override:/home/smaran/ros2_sem4/install/my_pkg_01/lib/python3.10/site-packages:${PYTHONPATH} /usr/bin/python3 -W ignore:setup.py install is deprecated setup.py develop --editable --build-directory /home/smaran/ros2_sem4/build/my_pkg_01/build --no-deps symlink_data
[4.366s] INFO:colcon.colcon_core.shell:Creating environment descriptor '/home/smaran/ros2_sem4/build/my_pkg_01/share/my_pkg_01/hook/pythonpath_develop.dsv'
[4.367s] INFO:colcon.colcon_core.shell:Creating environment hook '/home/smaran/ros2_sem4/build/my_pkg_01/share/my_pkg_01/hook/pythonpath_develop.sh'
[4.369s] Level 1:colcon.colcon_core.environment:checking '/home/smaran/ros2_sem4/install/my_pkg_01' for CMake module files
[4.370s] Level 1:colcon.colcon_core.environment:checking '/home/smaran/ros2_sem4/install/my_pkg_01' for CMake config files
[4.370s] Level 1:colcon.colcon_core.environment:checking '/home/smaran/ros2_sem4/install/my_pkg_01/lib'
[4.371s] Level 1:colcon.colcon_core.environment:checking '/home/smaran/ros2_sem4/install/my_pkg_01/bin'
[4.371s] Level 1:colcon.colcon_core.environment:checking '/home/smaran/ros2_sem4/install/my_pkg_01/lib/pkgconfig/my_pkg_01.pc'
[4.371s] Level 1:colcon.colcon_core.environment:checking '/home/smaran/ros2_sem4/install/my_pkg_01/lib/python3.10/site-packages'
[4.371s] Level 1:colcon.colcon_core.shell:create_environment_hook('my_pkg_01', 'pythonpath')
[4.372s] INFO:colcon.colcon_core.shell:Creating environment hook '/home/smaran/ros2_sem4/install/my_pkg_01/share/my_pkg_01/hook/pythonpath.ps1'
[4.372s] INFO:colcon.colcon_core.shell:Creating environment descriptor '/home/smaran/ros2_sem4/install/my_pkg_01/share/my_pkg_01/hook/pythonpath.dsv'
[4.373s] INFO:colcon.colcon_core.shell:Creating environment hook '/home/smaran/ros2_sem4/install/my_pkg_01/share/my_pkg_01/hook/pythonpath.sh'
[4.374s] Level 1:colcon.colcon_core.environment:checking '/home/smaran/ros2_sem4/install/my_pkg_01/bin'
[4.374s] Level 1:colcon.colcon_core.environment:create_environment_scripts_only(my_pkg_01)
[4.375s] INFO:colcon.colcon_core.shell:Creating package script '/home/smaran/ros2_sem4/install/my_pkg_01/share/my_pkg_01/package.ps1'
[4.376s] INFO:colcon.colcon_core.shell:Creating package descriptor '/home/smaran/ros2_sem4/install/my_pkg_01/share/my_pkg_01/package.dsv'
[4.376s] INFO:colcon.colcon_core.shell:Creating package script '/home/smaran/ros2_sem4/install/my_pkg_01/share/my_pkg_01/package.sh'
[4.377s] INFO:colcon.colcon_core.shell:Creating package script '/home/smaran/ros2_sem4/install/my_pkg_01/share/my_pkg_01/package.bash'
[4.378s] INFO:colcon.colcon_core.shell:Creating package script '/home/smaran/ros2_sem4/install/my_pkg_01/share/my_pkg_01/package.zsh'
[4.379s] Level 1:colcon.colcon_core.environment:create_file_with_runtime_dependencies(/home/smaran/ros2_sem4/install/my_pkg_01/share/colcon-core/packages/my_pkg_01)
[4.383s] Level 1:colcon.colcon_core.shell:create_environment_hook('mobile_robot', 'pythonpath_develop')
[4.383s] INFO:colcon.colcon_core.shell:Creating environment hook '/home/smaran/ros2_sem4/build/mobile_robot/share/mobile_robot/hook/pythonpath_develop.ps1'
[4.385s] DEBUG:colcon.colcon_core.event_handler.log_command:Invoked command in '/home/smaran/ros2_sem4/build/mobile_robot' returned '0': PYTHONPATH=/home/smaran/ros2_sem4/build/mobile_robot/prefix_override:/home/smaran/ros2_sem4/install/mobile_robot/lib/python3.10/site-packages:${PYTHONPATH} /usr/bin/python3 -W ignore:setup.py install is deprecated setup.py develop --editable --build-directory /home/smaran/ros2_sem4/build/mobile_robot/build --no-deps symlink_data
[4.385s] INFO:colcon.colcon_core.shell:Creating environment descriptor '/home/smaran/ros2_sem4/build/mobile_robot/share/mobile_robot/hook/pythonpath_develop.dsv'
[4.386s] INFO:colcon.colcon_core.shell:Creating environment hook '/home/smaran/ros2_sem4/build/mobile_robot/share/mobile_robot/hook/pythonpath_develop.sh'
[4.387s] Level 1:colcon.colcon_core.environment:checking '/home/smaran/ros2_sem4/install/mobile_robot' for CMake module files
[4.388s] Level 1:colcon.colcon_core.environment:checking '/home/smaran/ros2_sem4/install/mobile_robot' for CMake config files
[4.389s] Level 1:colcon.colcon_core.environment:checking '/home/smaran/ros2_sem4/install/mobile_robot/lib'
[4.389s] Level 1:colcon.colcon_core.environment:checking '/home/smaran/ros2_sem4/install/mobile_robot/bin'
[4.389s] Level 1:colcon.colcon_core.environment:checking '/home/smaran/ros2_sem4/install/mobile_robot/lib/pkgconfig/mobile_robot.pc'
[4.390s] Level 1:colcon.colcon_core.environment:checking '/home/smaran/ros2_sem4/install/mobile_robot/lib/python3.10/site-packages'
[4.390s] Level 1:colcon.colcon_core.shell:create_environment_hook('mobile_robot', 'pythonpath')
[4.390s] INFO:colcon.colcon_core.shell:Creating environment hook '/home/smaran/ros2_sem4/install/mobile_robot/share/mobile_robot/hook/pythonpath.ps1'
[4.391s] INFO:colcon.colcon_core.shell:Creating environment descriptor '/home/smaran/ros2_sem4/install/mobile_robot/share/mobile_robot/hook/pythonpath.dsv'
[4.392s] INFO:colcon.colcon_core.shell:Creating environment hook '/home/smaran/ros2_sem4/install/mobile_robot/share/mobile_robot/hook/pythonpath.sh'
[4.393s] Level 1:colcon.colcon_core.environment:checking '/home/smaran/ros2_sem4/install/mobile_robot/bin'
[4.393s] Level 1:colcon.colcon_core.environment:create_environment_scripts_only(mobile_robot)
[4.394s] INFO:colcon.colcon_core.shell:Creating package script '/home/smaran/ros2_sem4/install/mobile_robot/share/mobile_robot/package.ps1'
[4.395s] INFO:colcon.colcon_core.shell:Creating package descriptor '/home/smaran/ros2_sem4/install/mobile_robot/share/mobile_robot/package.dsv'
[4.396s] INFO:colcon.colcon_core.shell:Creating package script '/home/smaran/ros2_sem4/install/mobile_robot/share/mobile_robot/package.sh'
[4.397s] INFO:colcon.colcon_core.shell:Creating package script '/home/smaran/ros2_sem4/install/mobile_robot/share/mobile_robot/package.bash'
[4.397s] INFO:colcon.colcon_core.shell:Creating package script '/home/smaran/ros2_sem4/install/mobile_robot/share/mobile_robot/package.zsh'
[4.398s] Level 1:colcon.colcon_core.environment:create_file_with_runtime_dependencies(/home/smaran/ros2_sem4/install/mobile_robot/share/colcon-core/packages/mobile_robot)
[4.401s] Level 1:colcon.colcon_core.shell:create_environment_hook('my_srv', 'pythonpath_develop')
[4.402s] INFO:colcon.colcon_core.shell:Creating environment hook '/home/smaran/ros2_sem4/build/my_srv/share/my_srv/hook/pythonpath_develop.ps1'
[4.403s] DEBUG:colcon.colcon_core.event_handler.log_command:Invoked command in '/home/smaran/ros2_sem4/build/my_srv' returned '0': PYTHONPATH=/home/smaran/ros2_sem4/build/my_srv/prefix_override:/home/smaran/ros2_sem4/install/my_srv/lib/python3.10/site-packages:${PYTHONPATH} /usr/bin/python3 -W ignore:setup.py install is deprecated setup.py develop --editable --build-directory /home/smaran/ros2_sem4/build/my_srv/build --no-deps symlink_data
[4.404s] INFO:colcon.colcon_core.shell:Creating environment descriptor '/home/smaran/ros2_sem4/build/my_srv/share/my_srv/hook/pythonpath_develop.dsv'
[4.405s] INFO:colcon.colcon_core.shell:Creating environment hook '/home/smaran/ros2_sem4/build/my_srv/share/my_srv/hook/pythonpath_develop.sh'
[4.406s] Level 1:colcon.colcon_core.environment:checking '/home/smaran/ros2_sem4/install/my_srv' for CMake module files
[4.407s] Level 1:colcon.colcon_core.environment:checking '/home/smaran/ros2_sem4/install/my_srv' for CMake config files
[4.408s] Level 1:colcon.colcon_core.environment:checking '/home/smaran/ros2_sem4/install/my_srv/lib'
[4.408s] Level 1:colcon.colcon_core.environment:checking '/home/smaran/ros2_sem4/install/my_srv/bin'
[4.409s] Level 1:colcon.colcon_core.environment:checking '/home/smaran/ros2_sem4/install/my_srv/lib/pkgconfig/my_srv.pc'
[4.409s] Level 1:colcon.colcon_core.environment:checking '/home/smaran/ros2_sem4/install/my_srv/lib/python3.10/site-packages'
[4.409s] Level 1:colcon.colcon_core.shell:create_environment_hook('my_srv', 'pythonpath')
[4.410s] INFO:colcon.colcon_core.shell:Creating environment hook '/home/smaran/ros2_sem4/install/my_srv/share/my_srv/hook/pythonpath.ps1'
[4.411s] INFO:colcon.colcon_core.shell:Creating environment descriptor '/home/smaran/ros2_sem4/install/my_srv/share/my_srv/hook/pythonpath.dsv'
[4.412s] INFO:colcon.colcon_core.shell:Creating environment hook '/home/smaran/ros2_sem4/install/my_srv/share/my_srv/hook/pythonpath.sh'
[4.413s] Level 1:colcon.colcon_core.environment:checking '/home/smaran/ros2_sem4/install/my_srv/bin'
[4.413s] Level 1:colcon.colcon_core.environment:create_environment_scripts_only(my_srv)
[4.414s] INFO:colcon.colcon_core.shell:Creating package script '/home/smaran/ros2_sem4/install/my_srv/share/my_srv/package.ps1'
[4.415s] INFO:colcon.colcon_core.shell:Creating package descriptor '/home/smaran/ros2_sem4/install/my_srv/share/my_srv/package.dsv'
[4.417s] INFO:colcon.colcon_core.shell:Creating package script '/home/smaran/ros2_sem4/install/my_srv/share/my_srv/package.sh'
[4.418s] INFO:colcon.colcon_core.shell:Creating package script '/home/smaran/ros2_sem4/install/my_srv/share/my_srv/package.bash'
[4.419s] INFO:colcon.colcon_core.shell:Creating package script '/home/smaran/ros2_sem4/install/my_srv/share/my_srv/package.zsh'
[4.420s] Level 1:colcon.colcon_core.environment:create_file_with_runtime_dependencies(/home/smaran/ros2_sem4/install/my_srv/share/colcon-core/packages/my_srv)
[4.421s] DEBUG:colcon.colcon_parallel_executor.executor.parallel:closing loop
[4.421s] DEBUG:colcon.colcon_parallel_executor.executor.parallel:loop closed
[4.422s] DEBUG:colcon.colcon_parallel_executor.executor.parallel:run_until_complete finished with '0'
[4.423s] DEBUG:colcon.colcon_core.event_reactor:joining thread
[4.432s] INFO:colcon.colcon_core.plugin_system:Skipping extension 'colcon_notification.desktop_notification.terminal_notifier': Not used on non-Darwin systems
[4.432s] INFO:colcon.colcon_core.plugin_system:Skipping extension 'colcon_notification.desktop_notification.win32': Not used on non-Windows systems
[4.433s] INFO:colcon.colcon_notification.desktop_notification:Sending desktop notification using 'notify2'
[4.435s] DEBUG:colcon.colcon_notification.desktop_notification.notify2:Failed to initialize notify2: org.freedesktop.DBus.Error.ServiceUnknown: The name org.freedesktop.Notifications was not provided by any .service files
[4.435s] DEBUG:colcon.colcon_core.event_reactor:joined thread
[4.436s] INFO:colcon.colcon_core.shell:Creating prefix script '/home/smaran/ros2_sem4/install/local_setup.ps1'
[4.438s] INFO:colcon.colcon_core.shell:Creating prefix util module '/home/smaran/ros2_sem4/install/_local_setup_util_ps1.py'
[4.442s] INFO:colcon.colcon_core.shell:Creating prefix chain script '/home/smaran/ros2_sem4/install/setup.ps1'
[4.445s] INFO:colcon.colcon_core.shell:Creating prefix script '/home/smaran/ros2_sem4/install/local_setup.sh'
[4.447s] INFO:colcon.colcon_core.shell:Creating prefix util module '/home/smaran/ros2_sem4/install/_local_setup_util_sh.py'
[4.448s] INFO:colcon.colcon_core.shell:Creating prefix chain script '/home/smaran/ros2_sem4/install/setup.sh'
[4.449s] INFO:colcon.colcon_core.shell:Creating prefix script '/home/smaran/ros2_sem4/install/local_setup.bash'
[4.450s] INFO:colcon.colcon_core.shell:Creating prefix chain script '/home/smaran/ros2_sem4/install/setup.bash'
[4.452s] INFO:colcon.colcon_core.shell:Creating prefix script '/home/smaran/ros2_sem4/install/local_setup.zsh'
[4.453s] INFO:colcon.colcon_core.shell:Creating prefix chain script '/home/smaran/ros2_sem4/install/setup.zsh'
